  -2.81486820273161     
   1.93216977552873     
 -0.365825440439554     
   1.69945622612275     
   1.51742217882160     
   1.11447099550334     
  0.515073881873061     
   2.03038416818386     
 -5.952867981630951E-003
  3.725077079805321E-003
 -4.198136066270047E-003
 -2.432972022578270E-002
  1.505882209610151E-002
 -1.661476732664243E-002
  2.421978340423230E-002
 -1.217042446851882E-002
  1.616373428152796E-002
 -9.702909247830016E-003
  4.136952030280836E-003
 -6.124572925406128E-003
 -1.439818929774210E-002
  6.131065080001039E-003
 -8.858057264906686E-003
  2.533503132445351E-002
 -1.128251135810801E-002
  1.542405917233628E-002
  1.727753921179899E-002
 -9.843178321386468E-004
 -0.100828013023312     
  5.883544940345547E-003
  2.525843765129461E-002
  1.884803706956244E-002
  1.277047848202901E-003
 -3.318531441167786E-002
  4.904103915745940E-003
  2.450710736864664E-002
 -8.508601781309126E-003
 -8.237368865622125E-004
  2.696616515003837E-003
 -2.112318650026042E-003
 -1.020150621863993E-002
 -7.650729831376487E-003
 -5.890248552806261E-004
  4.056275215898972E-003
 -2.007299176614152E-003
 -8.902067587429955E-003
 -1.091134889338937E-002
 -4.812540848949831E-004
  9.600352083756277E-003
 -2.914629980732391E-003
 -1.196266652528079E-002
  1.447607239942816E-002
  3.407418239498757E-004
 -1.428004784235733E-002
  3.760669959098775E-003
  1.515284921452638E-002
  6.031297164596482E-002
  9.788171119312799E-004
  9.071504053905324E-005
  2.747310056202492E-003
  3.739688732100595E-004
 -1.418160210842360E-003
  2.102547846078278E-003
 -1.306349208589373E-002
  7.106070197970142E-005
  1.874209659941148E-004
 -1.166235465878754E-003
 -5.148267749537444E-005
  3.733600360372602E-004
 -2.629174700609354E-003
  1.402519804726557E-003
 -3.655360572222205E-004
 -2.977966458816853E-004
  8.402183066317266E-004
 -2.222900402340259E-005
 -1.571858017476873E-004
  3.110055912908766E-003
 -2.499439477060267E-004
 -1.397104525661768E-003
 -1.527155941209446E-005
  8.279400918304856E-005
  2.340601747370322E-003
 -1.424591007894644E-004
  2.494432784897820E-005
 -8.218855905363629E-005
  3.292705765177751E-004
  -3.32299983362890     
   4.55227481399223     
   1.44414815936549     
  1.415012421028099E-002
  -1.96379185147010     
   2.36324851921859     
   1.23275424380321     
   3.33570579964021     
  3.072951070102047E-003
  6.524186947210214E-004
 -1.807757957945186E-003
  5.784885265120917E-003
  8.211590231789810E-004
 -1.383318186776244E-003
  8.742415743038483E-003
  9.321442446500625E-004
  4.969243890731998E-003
 -7.468813307802782E-003
 -1.317960790501218E-003
 -3.884200301377230E-003
 -1.171706927271261E-002
 -2.779055049731831E-003
 -4.066533948161913E-003
  7.036847717501043E-003
  1.969344963099453E-003
  1.447616984156111E-003
  1.580902279998279E-002
  4.548050049054587E-003
  3.595300689720298E-003
 -8.154786586167731E-003
  2.720308346393074E-003
 -2.454562139690468E-002
  2.264025561609157E-003
  1.972471071396009E-004
 -2.797029001354263E-002
  9.666898370605491E-004
  7.114002827282693E-004
  2.626542206191461E-003
  2.083844822308869E-003
  1.489742177005536E-002
 -1.224536710517725E-003
 -1.237529882853150E-002
 -2.046896214983773E-003
 -4.547621958775044E-004
  2.361336658595397E-002
 -2.041050182882431E-003
 -1.710496649516327E-002
 -3.600291415401088E-003
  3.497906748378308E-004
 -1.671870790002325E-002
  1.351905482245000E-003
  7.178113923871212E-003
  2.729183219201018E-003
 -1.065987381252949E-003
 -2.922928533600597E-002
  2.141610515198988E-003
  7.194931610015731E-003
  4.795032655336741E-003
 -2.307751162804694E-003
 -5.389347934796402E-002
  1.459087380963882E-003
 -1.218804437876345E-004
  2.282349583530518E-004
 -4.558590351751277E-004
  2.599085095531304E-003
 -1.027414323492220E-003
  3.132925339551774E-002
 -9.340640997101269E-004
  1.415818635077786E-005
 -1.313518631201732E-004
  5.567851061075267E-004
 -1.612093817917364E-003
  6.136210191545261E-004
 -2.812882768022847E-002
  8.823794492807530E-004
 -2.399506931314943E-005
  9.547182687549221E-005
 -7.674204168915587E-004
  1.525542732975106E-003
 -5.626208766123882E-004
  2.378577341769438E-004
  1.089108474567955E-004
  8.983776557468225E-006
  2.504016585705485E-004
  1.796683899545581E-003
  1.771948513933764E-004
  1.420116917112234E-005
 -5.375501909675157E-005
 -1.005310058275192E-004
  -2.81270270510757     
   1.91948187953499     
 -0.361638024862771     
   1.66487614301899     
   1.44632028850592     
   1.02321899345411     
  0.462906047476823     
   1.81833434387342     
 -2.577995776369588E-003
 -2.082386081886516E-003
  5.072411390360502E-003
 -8.558274539432314E-003
 -8.193383268680772E-003
  1.684897027089964E-002
  6.149725859342693E-003
  4.019620299471022E-003
 -1.171571118723693E-002
 -2.417385049135453E-003
 -6.348962686200550E-004
  4.042019287381396E-003
 -3.569830438951575E-003
 -2.985782504705593E-004
  5.701048954871807E-003
  6.554539428326378E-003
 -3.671692014092424E-004
 -1.010146687839100E-002
 -4.178522588974259E-002
  3.590606390383136E-003
 -9.753759446072401E-002
 -4.031686407597635E-003
  1.743020638364288E-003
 -5.279335291302661E-002
  3.971887078524900E-003
 -2.487901606790340E-002
 -2.999879491734138E-003
 -3.422367969823025E-003
  2.587913925802867E-002
 -2.004713668926731E-003
 -2.978026239313075E-003
  1.024869581792760E-003
  1.954732495681510E-003
  2.372769876210305E-002
 -1.961679986086315E-003
 -1.653598390733911E-003
  8.588882670840046E-004
  1.369642285556679E-003
  3.450147343735897E-002
 -2.946780375936933E-003
  5.686220003621142E-004
  1.072072261510935E-003
  1.588396158185459E-003
 -4.629371714702345E-002
  3.923109077491402E-003
 -1.620816642067976E-003
 -1.243373996692732E-003
 -2.052015016357560E-003
  6.477092674367270E-002
 -1.531177386549689E-003
  2.153752851558248E-003
 -2.979178973137317E-003
  7.086654567294992E-004
  5.724504044928433E-004
  5.606286935379365E-004
 -1.693922360269530E-002
  8.087347417974483E-004
 -1.630965048314840E-003
  9.527838879786571E-004
 -5.195460950104724E-004
  3.003595946923061E-004
  2.284587509643970E-003
  5.504650173361604E-003
 -7.810594626062932E-004
  1.803362562612146E-003
 -5.322131252223212E-004
  6.031860497960685E-004
 -4.956767450782240E-004
 -3.327696615188230E-003
  9.013803153590267E-005
  1.603396100321018E-003
  1.808538261900996E-004
  1.071994054173172E-005
  2.434124636883356E-003
  9.397603856309896E-005
  1.203888955713346E-004
  3.887566154457948E-005
  8.339731943554404E-004
  -3.32496522506479     
   4.60837577652710     
   1.49438905086780     
  4.018000195930035E-002
  -2.04705523000908     
   2.50985422981908     
   1.32907380007300     
   3.60813000449086     
 -6.618180512957447E-003
  2.926221202359315E-003
 -1.247820294291508E-003
 -1.278124857437366E-002
  2.628680070955338E-003
 -3.338453500398263E-003
 -1.628986347924180E-002
 -3.833370244483734E-003
 -5.633452258028974E-003
  1.201829941859795E-002
  1.437780257360329E-003
  3.241536860762357E-003
  1.563869783742815E-002
  1.169856396630741E-003
  3.581839848417678E-003
 -8.203629489258551E-003
 -8.444748531744826E-004
 -1.864277327751323E-003
 -1.844507615979543E-002
 -2.043181088867360E-003
 -4.191689615488857E-003
 -1.291057950246147E-003
 -2.022452100272158E-003
 -2.312409174130185E-002
 -2.311747421541611E-004
  9.283471793546522E-003
 -7.169702611849576E-003
 -1.976551476549393E-003
 -2.623064686386776E-004
 -7.909088202207613E-005
  1.715912733262199E-002
  4.542391336656282E-003
  1.535351720667146E-003
 -1.149090711791537E-002
 -3.663714026761404E-005
 -8.456144926677253E-003
  8.472796011088543E-003
  2.690858849724376E-003
 -1.625120023898997E-002
 -1.148099634411810E-004
 -1.496456958651985E-002
 -7.051992539575121E-003
 -2.030650397600215E-003
  7.020032731297737E-003
  1.314126449027116E-004
  1.172413255190636E-002
 -1.300343787900431E-002
 -3.550257975694805E-003
  7.126169044999432E-003
  2.681567422635045E-004
  2.074843431089391E-002
 -5.278852785253227E-002
 -2.782752142865450E-004
 -7.754020584135221E-004
  2.297880658861098E-003
  5.116182128537938E-005
 -1.865677642319843E-003
 -9.966522393892528E-004
  3.112427606131549E-002
  2.148888085635390E-004
  3.735685227215152E-004
 -8.386305284202322E-004
 -4.600847722040867E-005
  1.154316992668298E-003
  6.538161049894796E-004
 -2.827487152327269E-002
 -2.620502222697715E-004
 -2.491465680943528E-004
  1.311224788007051E-004
  3.405821871998551E-005
 -1.103419249399846E-003
 -6.562703910838476E-004
  2.447186526406964E-004
  1.048570662883104E-003
  6.177609450277364E-006
 -1.405304298198499E-004
  1.725127528837171E-003
  1.798235400620595E-005
 -6.252957841826619E-005
  9.056797759747632E-005
  6.424849118516981E-004
  -2.81049633714370     
   1.90843365396185     
 -0.358026408511768     
   1.64674607673358     
   1.43746302540980     
   1.03231728402919     
  0.472095484300164     
   1.85775602588632     
 -7.905917673754882E-004
  1.196139152374296E-003
 -2.288763585726458E-004
 -4.067628014504111E-003
  5.855821474693384E-003
 -1.774059166234131E-003
  1.991483629429473E-003
 -7.342070876195890E-003
  4.907866018477243E-003
 -1.363835862772405E-003
  3.172431647923855E-003
 -1.639395265245198E-003
 -2.343096016279665E-003
  5.157628776318752E-003
 -2.261690579899072E-003
  4.162981916169364E-003
 -9.819590528059608E-003
  3.765724383980308E-003
 -6.231536079546291E-003
 -6.941531343219485E-003
 -9.832335551732310E-002
  5.459348512943477E-003
 -2.592802004617007E-002
 -5.811577920627551E-003
 -6.931821210230438E-003
 -3.003795835272470E-002
  2.516510950483690E-003
 -4.351086738816429E-002
  3.081415201177191E-003
  3.279786350310444E-003
  1.019218939447478E-003
 -8.653084034222716E-004
  2.226691193035503E-002
  3.065451395514254E-003
  3.126514416102690E-003
  2.391302602612152E-003
 -1.007621910479704E-003
  2.017661285079894E-002
  4.468207603778149E-003
  4.490046857896021E-003
  6.774099437572619E-003
 -1.688354521729820E-003
  3.008790341898136E-002
 -5.837568159298727E-003
 -5.733617075327715E-003
 -1.011903117053524E-002
  2.252968946848699E-003
 -4.151177159710068E-002
  5.886707609492988E-002
  1.722020787013323E-003
 -1.737815291938235E-003
  3.815738827442141E-004
  4.912510489843808E-004
 -9.329487877087990E-004
 -2.322860540222322E-004
 -1.148274737144589E-002
 -1.294791802130867E-004
  1.166873184840258E-003
 -4.118076616246893E-004
 -5.722086526179792E-004
 -2.241410306721722E-004
 -1.294778788905029E-003
 -2.792446122274371E-004
 -3.101281421916122E-004
 -1.382657808136041E-003
  4.861775802471906E-004
  8.249717010022439E-004
  5.191036451769499E-004
  1.853698800509306E-003
 -1.507151661193210E-004
 -1.146549611368842E-004
  1.544830153518611E-005
  9.341044453133605E-005
  2.367045735523563E-003
 -2.115530904030204E-004
  1.223809087489417E-005
  9.270777301788518E-005
 -8.327958435255251E-004
  -3.32327321574896     
   4.54937869868328     
   1.43861250603643     
  7.779933011800902E-003
  -1.95216814525968     
   2.33328115922033     
   1.21027948991845     
   3.27062008871110     
  5.487483215410511E-003
  6.459573358970215E-004
 -5.401219009587183E-003
  1.569688135944156E-002
  1.501771179632051E-003
 -1.235416548723503E-002
  3.282482385216837E-002
  4.013350924183458E-003
 -2.049743166275951E-002
 -2.234988457767372E-002
 -3.687461929653228E-003
  1.432387556721884E-002
 -2.652430007238073E-002
 -5.770271924382081E-003
  1.723067689295020E-002
  1.327056538636538E-002
  3.412479711321771E-003
 -8.607999074640863E-003
  3.054394938346771E-002
  7.807387711599182E-003
 -1.975342204138221E-002
  1.370206736390572E-002
 -6.819929811927293E-004
 -2.579275908037531E-002
 -5.776402426182687E-004
 -8.877885872399730E-004
  3.125726321899813E-002
  4.224929452469693E-003
  1.679940871123382E-003
 -4.490888837613443E-003
 -8.103385561056836E-003
 -1.546296687805116E-002
 -1.476980201786325E-003
 -1.323152237632788E-002
  1.934773460932417E-003
  5.020623623382085E-003
 -2.440508446021327E-002
 -2.421510832662520E-003
 -1.840768494552778E-002
  3.111756083548452E-003
  7.665680536254654E-003
  1.699655135658569E-002
  1.917477180140525E-003
  8.010808121773821E-003
 -2.286968511227494E-003
 -5.135714070513396E-003
  2.908040557086865E-002
  3.550750693188152E-003
  8.598627525395247E-003
 -4.032953264150647E-003
 -8.840777628962078E-003
 -5.443867677655825E-002
  8.762618774957401E-004
 -6.129952051089382E-004
  1.530922022324361E-004
 -1.452160363323775E-005
 -2.376299905234137E-003
  3.424535176902299E-003
  3.147411912962669E-002
 -5.455965205774020E-004
  4.820240350493962E-004
  1.779508614777969E-005
 -7.976993318873637E-005
  1.440730186007087E-003
 -2.018935784647541E-003
 -2.809375009198804E-002
  4.840939868910401E-004
 -5.723804276167359E-004
 -1.656356712128213E-004
  1.504422604355117E-004
 -1.307052364679413E-003
  1.860862256936101E-003
 -4.149043656203549E-004
  2.089771171932211E-004
 -1.147988099083971E-004
 -2.700388454890230E-004
  1.812179562953757E-003
  1.445394809297094E-004
 -1.822152981770373E-005
 -5.827081861256898E-005
  6.219817717685534E-006
  -2.80750750411328     
   1.89464768252566     
 -0.353235798799128     
   1.61930231998513     
   1.40096847871616     
  0.997430314941146     
  0.454819806442017     
   1.78862355997819     
  4.689709008732439E-003
  1.603191331747094E-003
 -3.844265492182971E-004
  1.735766344445222E-002
  7.302670879717969E-003
 -1.042716752129946E-003
 -1.589766450348489E-002
 -8.774171599590010E-003
 -2.602311513658758E-004
  5.717364664954340E-003
  3.647064456348216E-003
 -7.302514217223550E-005
  8.103082414552579E-003
  5.792151337046374E-003
 -2.956863298127245E-004
 -1.405823079586209E-002
 -1.090097681034377E-002
  7.278721930582622E-004
  4.987344642644218E-003
 -2.037322253226536E-004
 -9.416652242918258E-002
 -1.745277483331658E-003
 -1.082205959037293E-002
  5.091739349002414E-003
 -2.477521008747720E-003
 -2.598510308884866E-002
 -5.933328356549415E-004
 -1.006206998132718E-002
 -3.099764143202539E-003
  1.495751015433608E-003
 -9.718834875987526E-004
 -3.194715134111450E-005
  3.566638252305594E-003
 -3.395878618964469E-003
  1.313452528298646E-003
  4.856690999493156E-004
 -7.205739923847968E-005
  2.721009741718057E-003
 -5.811612330442932E-003
  1.773702411435863E-003
  4.095096452840035E-003
 -6.546728714527764E-005
  3.113342429164473E-003
  8.443010912083306E-003
 -2.302237250665958E-003
 -6.632838391588368E-003
  6.601474438862361E-006
 -3.491629988998836E-003
  5.999140998759596E-002
 -1.042807005860215E-003
  4.853806610538329E-004
  2.054379690216408E-004
 -5.389044990712842E-004
  1.061553171455270E-003
 -3.632368326196780E-004
 -1.434969985887052E-002
  6.908593201314866E-004
 -4.809408892151898E-004
 -2.419775726501356E-004
  4.074631437124981E-004
 -5.806537034769252E-004
  1.638958383605728E-003
  3.039444797495033E-003
 -7.005857315581764E-004
  4.741959856862226E-004
  2.698722207837934E-004
 -5.037141130995928E-004
  4.864227766247980E-004
 -2.227267571218624E-003
  9.009639024945555E-005
 -3.759350314533669E-005
 -2.749896670918205E-005
 -1.102532839319816E-004
  2.379493583697043E-003
  8.386133072589768E-005
  2.519339822301018E-004
  1.013337589244169E-004
  7.145138642301333E-005
  -3.32359452595033     
   4.56319770142914     
   1.45207715408259     
  1.773066260978939E-002
  -1.97682704070569     
   2.38996016900402     
   1.25241005823985     
   3.39269284075840     
 -6.938663378362718E-004
  2.278352881409959E-003
 -9.846017949268389E-004
 -2.434822456651048E-003
  2.879550216841566E-003
 -1.211347621898977E-003
 -4.508358936583944E-003
  6.510257852348123E-004
  1.447491330636333E-003
  2.195013964162333E-003
 -1.484482703135816E-003
 -1.480909158123268E-003
  1.123370284664181E-003
 -2.727903103511915E-003
 -4.215270471241700E-003
  3.719809234684263E-005
  1.536178776540615E-003
  3.444481873771952E-003
 -8.091347007808299E-006
  3.488086734005659E-003
  7.513940855354135E-003
  1.120351984669600E-002
  2.222932929519222E-003
 -2.778753215419335E-002
 -1.938792874969070E-003
 -9.741543685418292E-004
  2.962384398497307E-002
  1.717000338499382E-003
 -4.092251355854718E-003
 -4.997156195693945E-003
 -1.275561011839752E-003
 -1.440675724774184E-002
 -1.186648062671516E-003
 -1.015386320340294E-002
  2.349743984013398E-003
  8.951198003392980E-004
 -2.340197754758097E-002
 -2.102175078658243E-003
 -1.341843621290195E-002
  4.271301879864456E-003
  1.093759096636772E-003
  1.704060400739117E-002
  1.610046386894866E-003
  4.556567453936587E-003
 -3.565575288499507E-003
 -5.214873088505430E-004
  2.985632965270949E-002
  2.820910308774134E-003
  2.872344063443969E-003
 -6.613453933607264E-003
 -8.645730616742179E-004
 -5.409845570915672E-002
  1.322819464992007E-003
 -6.539219644348135E-004
  1.395812800924627E-003
 -1.485238481590128E-004
  4.842612291093623E-004
 -1.781592594952955E-003
  3.126488545165960E-002
 -7.045927117011522E-004
  4.320905921201070E-004
 -5.212793638553020E-004
 -1.193548253897780E-004
 -3.808587734204466E-004
  1.220594883166323E-003
 -2.790268349426359E-002
  5.723396508245509E-004
 -5.030524745495027E-004
  1.231841109812287E-004
  2.412698942688166E-004
  4.098559629470822E-004
 -1.279601368166455E-003
 -7.643765623757548E-004
  6.213321623888258E-004
 -1.809518155377823E-004
  9.814052184855518E-005
  1.826138327178587E-003
  1.436563157950341E-004
 -1.819849048801100E-005
  1.591901960810666E-005
  1.267495771135634E-004
  -2.81273908640931     
   1.92152491670423     
 -0.362304354589356     
   1.67465668396933     
   1.47205215289967     
   1.05776268377567     
  0.482683674785922     
   1.89875699278359     
 -5.310121848227105E-003
 -9.689017010076430E-004
 -7.552964803824485E-003
 -2.335239874842421E-002
 -3.221258522882723E-003
 -2.671460408823819E-002
  2.481194312483850E-002
 -1.132340830025433E-003
  2.136225685841004E-002
 -9.590008640064625E-003
  1.357521555122567E-003
 -8.326478206563279E-003
 -1.386138546573668E-002
  2.674141838670280E-003
 -1.204275036314688E-002
  2.391839547841498E-002
 -5.619231014174021E-003
  2.118761932257402E-002
  4.480716206697734E-002
  1.769658370368597E-003
 -9.978984279524623E-002
  6.604390954229126E-004
 -2.816114442395682E-003
  4.762717352267024E-002
  1.620020064124070E-003
 -3.196628636382812E-002
  2.526251393798300E-003
 -5.840258458650348E-003
 -2.220829534921735E-002
 -5.951160256200996E-004
  1.251894494595551E-003
 -1.424510152913491E-003
  2.968739723653274E-003
 -2.053773539175088E-002
 -4.955127173412184E-004
  2.314151986608953E-003
 -1.217154493229801E-003
  2.624015940090700E-003
 -2.951228684953290E-002
 -5.903756064163219E-004
  6.526703925972532E-003
 -1.570876096505419E-003
  3.441368077621331E-003
  3.891949061075945E-002
  6.530301488754036E-004
 -9.833927398431242E-003
  1.974113623285703E-003
 -4.230979344048682E-003
  6.302242513732255E-002
 -5.046622881856205E-004
  1.259050310117387E-003
 -2.352876989349496E-003
  2.580133462225564E-003
  1.697738193430339E-004
 -4.049306975698385E-004
 -1.619602306387403E-002
 -3.254924674789009E-005
 -6.279189647862941E-004
  7.408915788937175E-004
 -1.583624668915540E-003
  1.988645683433543E-004
 -8.443487580450713E-004
  4.927396640792093E-003
  2.510066044148694E-004
  6.336905107469380E-004
 -4.585654434835736E-004
  1.488101139556581E-003
 -2.747904403732247E-004
  1.322043551832707E-003
 -1.577747085602911E-003
  1.345874896867860E-003
 -1.757398368401559E-005
 -2.744104030722306E-005
  2.332238976710440E-003
  1.051919208101102E-004
  3.201261755876154E-004
 -1.292116093053744E-004
 -6.624585606090437E-005
  -3.32527269067116     
   4.61443764104201     
   1.49931006946961     
  4.294455548407972E-002
  -2.05551874051031     
   2.52771825697672     
   1.34201855956014     
   3.64548913543258     
  3.140133852218292E-003
  3.220320584968427E-003
  3.151080197633173E-003
  6.782310961567110E-003
  3.486406339176250E-003
  1.128483124195068E-002
  1.125494774750789E-002
 -2.393766843739093E-003
  3.022426331661416E-002
 -8.427977950116652E-003
  7.735047100174034E-004
 -2.205872254085681E-002
 -1.065393910194135E-002
  5.201164141370304E-004
 -2.795947601202602E-002
  5.457447410732966E-003
 -4.309859310812533E-004
  1.451144012144069E-002
  1.258812546119207E-002
 -1.071617714902018E-003
  3.341535243475316E-002
 -7.126886965939180E-003
  3.269682136153200E-004
 -2.473352601040482E-002
  5.011855513154971E-004
 -1.058224750313506E-002
 -2.665143775905441E-002
 -5.076933818051590E-004
 -2.196785671343389E-003
  1.176250545187292E-003
 -2.750573646200865E-002
  1.496086618433262E-002
  3.287190678775580E-004
 -1.068701228982175E-002
 -4.791349400141264E-004
  1.491154579719586E-002
  2.338800710193979E-002
  6.120203206451349E-004
 -1.495429209955864E-002
 -8.301522414172546E-004
  2.521295749959316E-002
 -1.612950060166340E-002
 -5.188509649737733E-004
  6.101782666183338E-003
  6.566126671174022E-004
 -1.904562193223212E-002
 -2.784524571498046E-002
 -9.796694466201903E-004
  5.566270695104331E-003
  1.163680320506904E-003
 -3.379726169780507E-002
 -5.267907619542542E-002
 -4.754928041717984E-004
 -8.577274977501748E-005
  1.813280041944189E-003
 -7.518024538405321E-004
 -2.659540734095134E-004
  6.927027429427874E-003
  3.102447938128609E-002
  2.403180470446503E-004
  7.563758229190916E-005
 -7.074986862932564E-004
  5.788081101460753E-004
  2.691552503578821E-004
 -4.138736344155699E-003
 -2.814697850644428E-002
 -1.852986114780831E-004
 -1.289822372562314E-004
  1.760281490059376E-004
 -7.285303349149240E-004
 -3.774502828565169E-004
  3.877256533990882E-003
  9.407778238394676E-005
  8.165960850294762E-004
 -2.975486259465360E-006
  2.599726518311905E-005
  1.755268727658214E-003
 -3.487981140479591E-005
  4.165977576709950E-005
 -1.492178336923242E-004
 -4.191146408236420E-004
  -2.81156286788186     
   1.91315376373970     
 -0.359645264306894     
   1.65422183885815     
   1.44055548515206     
   1.02758911981433     
  0.467480255891113     
   1.83810827653378     
 -9.177037876128287E-003
 -2.156602847537823E-003
  8.705105805194671E-003
 -3.324958707511834E-002
 -8.441752953390487E-003
  3.562306718426190E-002
  2.766396296975174E-002
  5.618160246360351E-003
 -3.892966117628248E-002
 -1.078008995856651E-002
 -1.549615383927447E-003
  1.464605233255212E-002
 -1.572047964836383E-002
 -1.785687288139720E-003
  2.105982033721133E-002
  2.758297267853799E-002
  2.407257084323905E-003
 -3.634590916850436E-002
 -3.191196311041780E-002
  2.791593917768581E-003
 -9.987880975995052E-002
 -7.222933298197608E-003
  5.287822950626359E-002
 -4.184324292288175E-002
  1.388170344157640E-003
 -3.042696028823029E-002
 -6.589493425550263E-003
  5.729494752801266E-002
  2.004571611593618E-002
 -8.157255669930198E-005
  3.471862513004006E-004
  2.698706184777243E-003
 -2.717429124111861E-002
  1.800601405091923E-002
  8.425302980602991E-005
  1.475976847356240E-003
  2.409810115942023E-003
 -2.519403483163586E-002
  2.581038196877742E-002
  2.956094776480372E-004
  4.858734309140673E-003
  3.416275089972507E-003
 -3.611350941006650E-002
 -3.443690584801384E-002
 -4.826532042284361E-004
 -7.057959911874393E-003
 -4.467927655036805E-003
  4.754895246110245E-002
  6.146585337721078E-002
 -1.994506497892497E-003
  1.613029712597701E-003
 -2.202722117083044E-003
 -1.299476262097504E-003
  1.837920649641359E-003
 -2.301890438990661E-003
 -1.362590558180495E-002
  1.268244318699362E-003
 -1.113456683530751E-003
  6.619749346892908E-004
  8.348313807120776E-004
 -1.385193987581115E-003
  3.875003258093435E-003
  2.007138179706010E-003
 -1.258802883247072E-003
  1.002974567228443E-003
 -2.852212985432683E-004
 -1.016284831301481E-003
  1.463204598087385E-003
 -4.627246119260499E-003
  7.857191035366786E-004
  1.075964990081361E-003
 -1.765855565945165E-005
 -7.358497203367782E-005
  2.262304830378087E-003
  1.139356132550129E-004
 -5.545848147224409E-005
 -6.193488475774712E-005
  1.199109959569716E-003
  -3.32419800856709     
   4.57233680599487     
   1.45858613322713     
  1.965172143168214E-002
  -1.98671352360818     
   2.40438207041905     
   1.26095283417745     
   3.41634952691795     
 -9.625529433445751E-004
  1.231781498348413E-003
 -7.752957736164937E-003
  6.251814314536704E-003
  1.840627657522751E-003
 -1.369374117048867E-002
  3.224068866150726E-002
  1.606374469530840E-003
 -1.178031415944544E-002
 -2.314524006780132E-002
 -1.617926781261612E-003
  7.630090381711358E-003
 -3.105827737454564E-002
 -2.890703391289438E-003
  9.234995038691730E-003
  1.726687620206524E-002
  1.927585047920261E-003
 -4.891138391000986E-003
  3.935504881037898E-002
  4.442599279146480E-003
 -1.089225770704603E-002
  4.880344252847647E-003
 -1.311772735521185E-003
 -2.841837109575337E-002
 -1.174454192806657E-003
  1.829402145420315E-002
  4.495661706612449E-004
 -5.371111076868408E-004
 -3.821475755860337E-003
 -7.109600336297614E-004
  3.304001367766907E-002
  1.133963986841274E-003
  7.425780473817511E-004
 -1.074486964886718E-002
  6.112464169535325E-004
 -1.451995075960789E-002
  1.479644933071868E-003
  1.405708979360784E-003
 -1.460751239218693E-002
  9.026450195067016E-004
 -2.507797898825171E-002
 -8.285965322818615E-004
 -1.137008526879856E-003
  5.578781673313717E-003
 -5.007560445343358E-004
  1.947741691815905E-002
 -1.572839884503787E-003
 -2.053726763604612E-003
  4.767559936687212E-003
 -6.975613924920510E-004
  3.457261527188289E-002
 -5.407611705229253E-002
 -4.892328007953507E-004
 -1.210142890607425E-003
  1.723213148931597E-004
 -4.797019426536309E-004
 -8.003913871277828E-004
  1.937695902879095E-003
  3.144893437967738E-002
  3.262977752906432E-004
  6.573072599176423E-004
 -1.429706413471972E-004
  3.656961098829933E-004
  4.396286176759696E-004
 -1.455685374963824E-003
 -2.819235123006073E-002
 -3.061629153933913E-004
 -6.419055779772463E-004
  1.282176049880529E-004
 -4.229600816964872E-004
 -3.491897772216745E-004
  1.574476994931255E-003
 -8.591906481028514E-005
  8.958654018539783E-005
 -9.823798126990832E-005
 -1.079062608234147E-004
  1.847840587959876E-003
 -7.772501557903847E-005
 -2.999636237025285E-004
  7.043373996557301E-005
  1.354858401161638E-003
  -2.81079403178910     
   1.90994276916426     
 -0.358501871720920     
   1.64876831994960     
   1.43402219335432     
   1.02123731036431     
  0.464485155704658     
   1.82610071758454     
 -9.482810808657314E-003
 -1.710623478549220E-003
  2.058746451654415E-003
 -3.575397235877479E-002
 -6.422699291134554E-003
  6.333003548714616E-003
  2.914521566399032E-002
  4.680754460807036E-003
 -5.097952980552316E-003
 -1.183634616632455E-002
 -1.481529699767053E-003
  1.571859505358299E-003
 -1.751805834876650E-002
 -1.843789091583791E-003
  2.156702548408807E-003
  3.101795745274817E-002
  2.727507018723404E-003
 -3.877995667819768E-003
 -1.110488482338764E-002
  3.136586550594789E-003
 -9.660831007420188E-002
 -5.642014892085763E-003
  3.577684351012462E-002
 -1.316382265286572E-002
  7.895070200502010E-004
 -2.674942285387835E-002
 -5.818283260121097E-003
  2.578927567993296E-002
  5.335241364350212E-003
  9.502187198087765E-005
 -1.483888358404405E-003
  2.690521621542758E-003
 -9.936528536033502E-003
  4.493153214472812E-003
  9.471589341477943E-005
 -2.383546512225339E-004
  2.489681291680785E-003
 -9.140804384024044E-003
  6.335986515308950E-003
  2.785498608893622E-004
  2.525389926508287E-003
  3.366202120544122E-003
 -1.235507178269012E-002
 -8.499625445945442E-003
 -6.551125852566277E-004
 -4.091815845871508E-003
 -4.081712310071336E-003
  1.525322570811741E-002
  6.117025603747964E-002
 -6.295966664454029E-004
  7.610037465214901E-004
 -7.995881423274440E-004
 -1.595949136954515E-005
  1.471712206602930E-003
 -1.575099948986456E-003
 -1.467789455718545E-002
 -1.404863071401123E-005
 -7.760310102713261E-005
  4.617690094815513E-005
  1.666046125504759E-005
 -5.147312098680890E-004
 -1.932255316828519E-003
  3.243058204496490E-003
  1.917008455388334E-004
 -2.664304274676529E-004
  2.701881182407291E-004
 -1.010935284500287E-004
  2.976204076404928E-004
  3.111010082339381E-003
  3.692916937288211E-004
  5.501090260369994E-004
  1.836914862709835E-004
 -1.654004927528817E-004
  2.344048112060920E-003
  5.793537448792625E-005
  1.752828050487702E-004
 -4.319582955936769E-005
  6.914158205847190E-004
  -3.32305591836331     
   4.54698485121495     
   1.43767954475134     
  9.052257296752084E-003
  -1.95193465130576     
   2.33861272856804     
   1.21558360509505     
   3.28664735601139     
 -2.764953502091900E-003
  7.183428516354837E-004
 -7.719719667796126E-004
 -3.085745781450103E-003
  2.175867440543911E-003
 -4.621319135970797E-004
  3.515982967348875E-003
  5.565133016294364E-003
  3.042822958417222E-003
 -2.868678153700639E-003
 -4.027645725928842E-003
 -2.359430264152801E-003
 -3.829614697103029E-003
 -6.342583879394883E-003
 -3.615723699887252E-003
  2.013473592652409E-003
  4.295383318432386E-003
  2.236634236822009E-003
  4.821967280641857E-003
  9.945791926407878E-003
  5.151529356939769E-003
  2.490664014207405E-003
  5.439735317814349E-004
 -2.749758502112706E-002
 -6.396107132375174E-004
  1.333729764305428E-002
  5.702209388516151E-003
 -2.627837769648771E-003
 -1.503817051154561E-003
  8.127311653245271E-004
  2.042430772448593E-002
 -2.396171949304750E-003
  1.009929757323267E-003
 -1.170664177157911E-002
  5.924528284222585E-004
 -9.062039857806552E-003
 -4.806951374879952E-003
  1.463525371002350E-003
 -1.608812800982438E-002
  8.671476824403297E-004
 -1.505191885254042E-002
  4.306008169991323E-003
 -9.513431588671579E-004
  6.499445655988937E-003
 -3.439069705541106E-004
  1.106202936417833E-002
  8.014874862244547E-003
 -1.590272357125059E-003
  6.118797658574791E-003
 -2.850965521859972E-004
  1.904473762268440E-002
 -5.431320222162600E-002
 -2.966654536157321E-003
 -1.166071643740670E-003
 -8.726987165587175E-004
 -4.952943444686271E-004
  9.554838863444392E-004
 -4.253192115715651E-003
  3.154717509783447E-002
  1.785405158353715E-003
  6.987954434894761E-004
  1.693071165835373E-004
  2.226606237042236E-004
 -6.091154553308037E-004
  2.425467914971570E-003
 -2.826914964880626E-002
 -1.617499904288235E-003
 -7.062630937287993E-004
  2.041496794569214E-004
 -2.253796778289065E-004
  5.697614342893606E-004
 -2.188096840320999E-003
 -3.600263910037675E-004
 -4.389482379185481E-004
 -1.306545790394403E-004
  1.280219000680380E-004
  1.808110631131769E-003
 -3.238805826015350E-004
 -5.520243031256212E-005
  5.649183639340951E-005
  1.768248797195461E-004
  -2.81173891205996     
   1.91463742503907     
 -0.359956189576599     
   1.65748297319005     
   1.44416559294855     
   1.02940347697187     
  0.468409479276105     
   1.84165090957892     
 -4.309357661110113E-003
 -2.791901416177044E-004
 -9.001246165688224E-003
 -2.101800993742331E-002
 -6.546245435313309E-004
 -3.251530744980879E-002
  2.372609515150764E-002
 -2.517110465652407E-003
  2.371366467975155E-002
 -1.000550004469947E-002
  1.573541223039893E-003
 -9.471615933066653E-003
 -1.502785383070673E-002
  2.886556852963673E-003
 -1.391824315253787E-002
  2.635522822587279E-002
 -5.952602854940864E-003
  2.473025611359249E-002
  3.720313145531096E-002
  4.112711810291493E-003
 -9.361880275007510E-002
  4.957936239036436E-003
 -3.021222831811272E-002
  3.177504362056682E-002
  2.081249677378215E-003
 -2.343119887816842E-002
  1.891250358582808E-003
 -4.942332972754310E-002
 -1.392476358081801E-002
 -8.306743525664264E-004
 -2.688970494742954E-003
 -3.387465699885275E-004
  2.513398987541732E-002
 -1.312366247086171E-002
 -9.820332601664713E-004
 -1.102498840007526E-003
 -3.736459544032408E-004
  2.256946846835747E-002
 -1.870941020092271E-002
 -1.584481548080633E-003
  1.912137379730038E-003
 -5.066989050037946E-004
  3.239644179451832E-002
  2.422426207089141E-002
  2.027951694370055E-003
 -3.896433730296871E-003
  5.039869601185466E-004
 -4.341312589316949E-002
  6.180709312614008E-002
  2.055613735778449E-003
  6.843338693534948E-004
 -1.404397963564149E-003
  9.593433728226047E-004
  8.634950256099441E-004
  2.798669957144020E-004
 -1.558694932029290E-002
 -6.887868651002503E-004
 -3.938003090905170E-004
  3.210520501118557E-004
 -3.234359273989634E-004
  8.956907338769528E-004
  1.304088285126928E-003
  4.354513627291503E-003
  4.429261646694594E-004
  4.607420541039655E-004
 -8.922620421302333E-005
  5.485998961399756E-005
 -1.470568463051200E-003
 -1.866252626927142E-003
 -8.383521343259389E-004
  7.562506865767939E-004
 -3.128103126788463E-005
 -1.125027318161743E-004
  2.377564877648133E-003
 -1.315974850405974E-004
  2.207365835228160E-004
  8.372890493462910E-005
 -2.436911652990850E-005
  -3.32365024738711     
   4.55949958422419     
   1.44929381684392     
  1.732579242453090E-002
  -1.97313519111229     
   2.38959702218657     
   1.25451036286923     
   3.39995852979240     
 -5.088984666785944E-003
  2.891426658046782E-003
 -2.374588003609764E-003
 -7.676148422576284E-003
  3.077654360263682E-003
 -3.982785466673819E-003
 -6.041444080522803E-004
 -1.175343385255396E-003
 -2.209370032606619E-003
 -1.177080479296690E-003
 -9.679339444062137E-004
  1.096865113275506E-003
 -1.305805605946678E-003
 -2.154887817069868E-003
  8.424027438352535E-004
 -7.133880053675449E-006
  8.439175255723710E-004
 -2.686893011257544E-004
  6.735809884030389E-004
  1.842154129136000E-003
 -5.023311122356193E-004
  8.339917807105373E-003
  1.272021573181444E-003
 -3.007945524911154E-002
  1.590691670403499E-004
 -9.578864743918602E-003
  1.260976226231763E-002
  2.781860685965826E-003
 -5.525938597986550E-003
 -1.687308232940813E-003
 -4.396880159176091E-002
 -4.885884539292815E-003
 -1.186662484119101E-003
 -9.020838726520111E-003
  9.407900049872947E-004
  2.584185274621552E-002
 -7.001815400253943E-003
 -2.150812693852281E-003
 -1.120282654261181E-002
  1.561533908397813E-003
  4.282420151025414E-002
  4.287898513254731E-003
  1.746173362520886E-003
  2.760338116221325E-003
 -1.179848412647647E-003
 -3.175729714320469E-002
  6.806175407923493E-003
  3.118558334364419E-003
 -3.250385773562352E-004
 -2.120009242383617E-003
 -5.649216528118383E-002
 -5.285096651816988E-002
  4.539816249661017E-004
 -5.103426479435959E-004
  2.254265751617340E-003
 -5.122824609427183E-004
 -1.349894998228728E-003
  2.095324231511882E-004
  3.020698635840786E-002
 -3.014817304375235E-004
  4.804592374917164E-004
 -7.063862682268795E-004
  1.463568145952150E-004
  7.504081692274273E-004
 -1.931278967902670E-004
 -2.673278982114492E-002
  3.141939303019058E-004
 -6.634985444009085E-004
 -1.381195191967886E-004
 -5.390553975510438E-005
 -6.877406072928362E-004
  2.445099810349275E-004
 -1.253588429637724E-004
  1.270271764882380E-003
 -5.998057787458795E-005
 -4.724159392372332E-005
  1.693857733507063E-003
  5.951562891552443E-005
 -5.121413351629869E-005
 -2.048601140865629E-006
 -5.538722625153145E-004
  -2.81296306987617     
   1.92434677521056     
 -0.363297712795906     
   1.68616502960993     
   1.49640854734138     
   1.08574644289975     
  0.497773739197099     
   1.95957215662880     
 -1.190793285156969E-002
  1.733797817041375E-003
 -1.593541146570538E-002
 -4.271010897177937E-002
  7.611057603629585E-003
 -6.697756220009890E-002
  3.566908282809517E-002
 -8.690414120001162E-003
  7.033661811015246E-002
 -1.394801419638377E-002
  3.584301023207276E-003
 -2.740395521712436E-002
 -2.020110714538486E-002
  5.532125537399409E-003
 -4.005317799720234E-002
  3.523986249810660E-002
 -1.014076234593978E-002
  6.961604541697324E-002
  2.162013622905591E-002
 -2.081143098529319E-003
 -0.105496647415768     
 -2.645397782982011E-003
  5.367134933667982E-002
  1.530117905264272E-002
  2.544661851400104E-003
 -3.945593702836742E-002
 -4.336745183219931E-004
  4.316129526228144E-002
 -4.491764223557995E-003
 -1.825980259888285E-003
  4.251070269512959E-003
 -2.310526264466146E-004
 -1.699509097908028E-002
 -3.388324199943264E-003
 -1.485960025448220E-003
  4.766431297784235E-003
 -1.846855607395199E-004
 -1.544023840013075E-002
 -3.498448439452204E-003
 -1.844396215724315E-003
  9.917557836032598E-003
 -3.469264505587922E-004
 -2.063897542133749E-002
  3.366150085839809E-003
  2.383913965600600E-003
 -1.438593727825684E-002
  6.641840189759534E-004
  2.525728822341861E-002
  6.418073021454880E-002
 -6.961100556255207E-004
  3.072168539172206E-003
 -4.100440562427025E-004
  1.632517708497452E-004
 -2.543470807557166E-003
  1.774693933843715E-003
 -1.871991814500833E-002
  8.503149274557323E-005
 -1.938205943147489E-003
 -1.689432874486419E-005
  2.995508531870552E-004
  2.863065817116456E-004
 -1.953944016425659E-003
  7.904172324015558E-003
  9.740301402665615E-005
  1.753718277819321E-003
  1.671370844636021E-004
 -3.529287508660250E-004
  2.884973495339958E-004
  2.216860814748156E-003
 -2.364289757111372E-004
  2.376855640688945E-004
 -7.969086577180613E-005
  2.403740173813436E-004
  2.370926621230889E-003
  8.217959319131389E-005
 -6.136831729611291E-005
 -1.370323175639169E-004
  2.510588318697122E-003
  -3.32311981545309     
   4.54415413845526     
   1.43477208475856     
  7.698086341508862E-003
  -1.94735719460716     
   2.33283075657870     
   1.21260104756058     
   3.27864661627609     
  2.370901794050677E-004
  2.207577212368242E-004
  1.239754881400608E-002
  7.911259184328912E-003
  7.299556089138147E-004
  2.495868437296412E-002
  3.179750469479417E-002
  1.731952793398290E-003
  3.050776426691888E-002
 -2.262830744388149E-002
 -8.855636885897922E-004
 -1.973591277696765E-002
 -2.755375098712881E-002
 -1.839310181129800E-003
 -2.154314409175251E-002
  1.386887687601553E-002
  1.761969186460249E-003
  1.009416754076487E-002
  3.227004495759746E-002
  4.143777495316630E-003
  2.325919905732577E-002
 -1.860961921312437E-002
 -8.352030043396866E-004
 -2.537458547074209E-002
  2.221587123593429E-003
  1.505561689968020E-003
 -3.627137635968581E-002
  2.180487045157337E-004
  2.838069039765855E-003
  4.448303738382476E-003
 -1.425083915518707E-002
  1.694895093144579E-002
 -4.756724065565201E-004
 -1.394503423761592E-002
 -2.116646784367489E-003
  9.866163648101346E-003
  2.724081151996734E-002
 -4.509290106266771E-004
 -1.971174417110818E-002
 -3.524947973919520E-003
  1.461945118136084E-002
 -1.947893728662599E-002
 -4.223865385653190E-005
  9.199325599920039E-003
  2.644618253012693E-003
 -9.497499073761961E-003
 -3.362856761582084E-002
 -3.849305733984553E-004
  1.099193877384616E-002
  4.689299059833570E-003
 -1.647498657228868E-002
 -5.345135773946066E-002
 -6.871083256997264E-004
 -1.403419908446210E-003
 -1.062109872221141E-003
 -5.779163946426581E-005
  1.704155173365433E-003
 -4.170619152264567E-003
  3.089645501487116E-002
  3.998342847608537E-004
  9.880220882113621E-004
  1.790021024162809E-004
  1.341691295239223E-004
 -8.497612108468190E-004
  2.342842890832908E-003
 -2.757137194436652E-002
 -3.556299737708338E-004
 -1.150945057382596E-003
  3.115043995582026E-004
 -1.896673212450473E-004
  6.382753628527683E-004
 -2.078594075563184E-003
  6.436337713222980E-004
 -5.617982115042953E-004
  2.328655487491462E-004
  1.222504174877904E-004
  1.789806113904638E-003
 -6.162810399371205E-005
 -1.217268470321597E-004
 -1.215547335588168E-004
  2.793788311929624E-004
  -2.81483184203158     
   1.93029226691978     
 -0.365274895462498     
   1.69057865525233     
   1.49334862156809     
   1.08050947461583     
  0.494829200013174     
   1.94782814063342     
  5.238956107424439E-003
  3.599278572459458E-004
  9.946339028853937E-003
  2.184057869610178E-002
  6.898017072011867E-004
  4.127245349300088E-002
 -2.345318384639859E-002
  7.694641701766090E-004
 -4.023062954123904E-002
  9.405175836600726E-003
 -6.019773021079960E-004
  1.538511578459466E-002
  1.377940735711634E-002
 -1.259110124805592E-003
  2.236226885896264E-002
 -2.399947949505368E-002
  2.752430657855991E-003
 -3.874470620325698E-002
 -4.057795065344415E-003
 -5.128281478970302E-004
 -9.984481721294554E-002
 -3.462025680359050E-003
  9.444111792880192E-003
 -1.285410616482069E-002
  1.896983963223748E-003
 -2.967840222352315E-002
 -2.056287309083494E-003
  3.403976564345301E-003
  6.995932958367391E-003
 -1.363795940110215E-003
  1.827533478729241E-004
  5.217546721988401E-004
  8.259535632247365E-005
  6.220210592891538E-003
 -1.259124432464629E-003
  1.479774582746092E-003
  3.833892426843701E-004
  3.389366193988823E-004
  8.671664656046376E-003
 -1.786936494467468E-003
  5.141870992969376E-003
  3.368101633360187E-004
  1.418537137398703E-003
 -1.136645568588536E-002
  2.364158076954269E-003
 -7.631142690486830E-003
 -1.920600330695158E-004
 -2.916882114648285E-003
 -6.051629845819743E-002
  1.047109071406919E-003
 -2.384292157960748E-003
  1.354922986979032E-004
  1.762167254863292E-003
  1.037311619268485E-003
  9.924382651426665E-004
  1.214430476874994E-002
 -5.798447173297399E-004
  1.501957695206066E-003
  1.904004509613570E-004
 -1.117644644488963E-003
 -3.420610417394586E-004
  7.838468311498236E-005
 -2.482530155576659E-004
  4.766210022012940E-004
 -1.533634462616591E-003
 -3.895546807060045E-004
  1.129757297249728E-003
  2.409490156630464E-004
 -4.558474994630274E-004
  1.116858302271879E-003
  2.276538218740362E-004
 -1.005856228800059E-004
  1.032072013485682E-004
  2.330138355643880E-003
  1.208125868589256E-004
  1.749407314408124E-004
 -2.217478760443768E-006
  1.278787574341468E-003
  -3.32350397454160     
   4.54249279757313     
   1.43006812027097     
  1.731080679479382E-003
  -1.93712745480811     
   2.30833633506701     
   1.19560320658140     
   3.23026710101610     
  1.185998480211834E-003
 -1.718522352908582E-003
  3.916630697342772E-003
 -5.779270041383462E-004
 -3.863310796229273E-003
  8.009823049195652E-003
 -7.540112291884969E-003
 -7.113794994002068E-003
  9.556935605680271E-003
  4.340566687758665E-003
  5.340078278978738E-003
 -5.750535423941742E-003
  3.917288635885157E-003
  7.437373271408731E-003
 -6.821535908197467E-003
 -1.597645580532303E-003
 -4.279452914089403E-003
  3.737851161659811E-003
 -4.013879590488749E-003
 -9.786183731681782E-003
  8.380586641114162E-003
 -5.291272649292082E-003
 -1.128573150985006E-003
 -2.672990132796152E-002
  7.426038662878740E-004
  2.332295802623943E-003
 -1.954317838744187E-002
 -1.284521794464321E-003
  5.730897103018428E-003
  1.846165664197061E-003
  3.438543450307282E-003
  1.080099033689916E-002
  2.453944636422335E-004
 -1.513591328448440E-002
 -1.111570041423545E-003
 -6.831561638986347E-004
  1.804118796206405E-002
  5.646200951963565E-004
 -2.075709201820612E-002
 -1.966472276938240E-003
 -1.543702770226090E-003
 -1.350013014171249E-002
 -6.560564454281990E-004
  9.234536653647643E-003
  1.565630869107383E-003
  1.312576947686414E-003
 -2.398081299551031E-002
 -1.400964256526457E-003
  1.064765948450324E-002
  2.860742890215171E-003
  2.007775800340738E-003
  5.480004453042912E-002
 -1.348911264295221E-004
  1.564728123054560E-003
 -1.544786145082917E-004
  7.487035349019227E-005
 -1.515820761340817E-003
 -1.824987261447448E-003
 -3.134062318730067E-002
  7.038931453448428E-005
 -9.922561383978584E-004
  3.193114608087380E-005
 -1.630654876791633E-004
  9.133153112342286E-004
  1.046010273399541E-003
  2.778137030138226E-002
 -5.016835700470296E-005
  1.019960816142653E-003
  1.363221268261229E-006
  2.530756718028114E-004
 -8.471931848937992E-004
 -9.239195453699280E-004
  3.328381544668244E-004
  2.678419004595957E-005
  2.919889629027143E-005
  1.220462132726164E-004
  1.790304598333690E-003
  1.290625884148380E-005
 -9.061888000564001E-005
  3.166633986507282E-005
  5.230454220600985E-004
  -2.80419717991937     
   1.87344325949003     
 -0.346177977809835     
   1.56614423500471     
   1.31602113683526     
  0.911479308930449     
  0.410333988923316     
   1.61035215805105     
 -7.119186906591232E-003
  1.008302303242380E-003
 -1.068892161319119E-002
 -2.719070950051251E-002
  2.056754111525143E-003
 -4.348994540063970E-002
  2.765602628237175E-002
  2.034746157509344E-003
  4.565419540110838E-002
 -9.909806916720663E-003
 -1.564105935158360E-003
 -1.719912710999999E-002
 -1.415941080301889E-002
 -3.002705096093843E-003
 -2.496231579426946E-002
  2.452208082464691E-002
  6.040533580658258E-003
  4.324358800692230E-002
 -3.935917015222032E-002
 -1.549633216696760E-003
 -8.746493454150477E-002
  8.005071299286930E-004
 -2.307268362538024E-002
 -4.930263009767479E-002
 -1.078187635873072E-003
 -1.943535953358880E-002
 -1.326873066510841E-003
 -3.079928195029033E-002
  2.297915708508595E-002
  3.792928537067107E-004
 -3.189856916453316E-003
  9.323945652718603E-004
  1.426584000340122E-002
  2.051910041158691E-002
  3.664833670392310E-004
 -1.205277861746399E-003
  7.903144638542630E-004
  1.252867189052308E-002
  2.928966789497390E-002
  4.033504160934702E-004
  1.338182473435240E-003
  1.138307844922858E-003
  1.787280701688714E-002
 -3.902787679102793E-002
 -3.073300143174261E-004
 -2.382227025120379E-003
 -1.615702624579638E-003
 -2.395216784145316E-002
 -5.242202371623339E-002
 -6.841673931351804E-004
 -1.441918316025225E-003
  3.313090302107460E-004
 -1.730852659870904E-003
  4.671478288872554E-004
 -2.564112901247476E-004
  5.872387883353909E-003
 -1.693720320763480E-004
  5.511365021621078E-004
  4.325229617814937E-004
  8.150322795348230E-004
  1.720831369399752E-004
  2.312106727737616E-003
  6.290922748596313E-003
  4.168117938720817E-004
 -2.601224093608320E-004
 -8.978389925864791E-004
 -6.258151991864267E-004
 -3.609030554854793E-004
 -3.193665796706841E-003
 -5.820779968277283E-005
  5.473175594073832E-004
  4.309699446347648E-004
  1.797361556508550E-005
  2.107793078591549E-003
 -6.180609579424115E-005
  3.920053860944663E-004
 -6.618012474939057E-005
  2.006518960747223E-004
  -3.32608145820218     
   4.65123205333728     
   1.53587253579695     
  6.446372484939948E-002
  -2.11760269359502     
   2.63545434486057     
   1.41028434311679     
   3.83683279615866     
  9.722098912700945E-003
 -4.378608923969257E-004
  1.191822033106500E-002
  1.903835821797654E-002
 -1.758284727530900E-003
  2.138415566563068E-002
  1.939263872829538E-002
 -5.805259066082812E-003
  1.658613760189141E-002
 -1.086767495629976E-002
  4.454317851070505E-003
 -8.868986238927172E-003
 -9.539774392401093E-003
  6.620917231783960E-003
 -7.347529286493251E-003
  3.709055607831452E-003
 -4.081465523886742E-003
  2.746188646051779E-003
  8.680113584774564E-003
 -9.413880119803703E-003
  6.237293340916433E-003
  2.467447591987063E-002
  2.199782914248418E-003
 -2.208772817303879E-002
 -1.003324222914466E-003
  1.752308960479745E-002
  4.342878532944888E-002
  1.766703901639612E-003
 -6.241522704376650E-003
  2.097712642568250E-003
  3.146518135952764E-002
 -1.886031821066753E-002
 -8.330444161855615E-004
 -8.418635828841319E-003
 -3.600905339129874E-004
 -1.399166000058943E-002
 -3.047099205614876E-002
 -1.504432802167288E-003
 -1.241657834596397E-002
 -5.285395756195159E-004
 -2.179365358323408E-002
  2.213832085121436E-002
  1.221205088711901E-003
  4.981088138743432E-003
  5.206172595729651E-004
  1.513204477828903E-002
  3.847407886197492E-002
  2.217444983522034E-003
  3.613905486054851E-003
  1.159578103830525E-003
  2.590040268960013E-002
  5.168737016552920E-002
  2.168251359571976E-003
  2.326476229191272E-004
  6.437437907540225E-004
  8.696842888544985E-004
 -5.540099687756947E-004
 -7.300839481643400E-004
 -3.173155841818368E-002
 -1.374215460250009E-003
 -6.961716806878203E-005
 -3.012943769286282E-004
 -3.822813630515406E-004
  4.155015228439428E-004
  5.203348538667299E-004
  2.976066510391237E-002
  1.306713490763228E-003
  8.877813570432067E-005
  1.676554163871930E-004
  3.938791499132321E-004
 -4.666645270673703E-004
 -5.342891966255121E-004
 -6.209585652658572E-004
 -2.505529694929239E-004
 -3.246498132294418E-004
  1.082153550916812E-005
  1.719318479023156E-003
 -2.708734322604605E-004
 -1.966374173680995E-004
 -1.765371243159492E-005
  3.495023269969642E-004
  -2.81189671741107     
   1.92058050279599     
 -0.361757997804557     
   1.67930878390273     
   1.48788269706534     
   1.07582649211414     
  0.492202238623865     
   1.93690380454298     
  7.600697526451982E-004
  2.065895764103085E-004
  7.610014948451958E-003
 -3.653967977872908E-003
 -5.072844176333694E-004
  2.667071078684187E-002
  1.286357367743655E-002
  3.607205426460037E-003
 -2.151615728146351E-002
 -5.014584030219062E-003
 -1.992103912298572E-003
  8.338524264992153E-003
 -7.175983860060941E-003
 -3.436351107140911E-003
  1.207021515417591E-002
  1.178558564148871E-002
  6.633194965561939E-003
 -2.118454060332813E-002
  3.992014206370981E-002
  5.062661287441003E-003
 -0.100860422814426     
  1.300732510391329E-004
  1.605932315018901E-002
  3.832980629880471E-002
  3.021914167380352E-003
 -3.486404225539592E-002
  1.078319092683772E-003
  8.564505134542244E-003
 -1.620285979153978E-002
 -9.957913745324599E-004
  2.488713599740788E-003
 -5.235215168234420E-004
 -2.726363156317501E-003
 -1.455181274491647E-002
 -9.283294918612210E-004
  3.231565220122586E-003
 -3.885510565966962E-004
 -2.886716922054291E-003
 -1.990647184461814E-002
 -1.346308582133917E-003
  8.082664020210238E-003
 -4.544310507390241E-004
 -3.518768061879000E-003
  2.518140397503905E-002
  1.687612102465852E-003
 -1.236319819345472E-002
  5.980886026945152E-004
  3.349682630012261E-003
 -6.452168388573945E-002
  3.797924293398394E-004
 -7.139868191775450E-004
  3.652982735948629E-004
 -9.319851606723903E-004
 -1.468746172672238E-003
 -1.580237503031037E-003
  2.039001619800091E-002
 -1.366509451005866E-004
  8.893866358662715E-004
  3.094660464059414E-004
  4.953224095940427E-004
  3.068440428590174E-004
  1.439264922800490E-003
 -9.979750596759899E-003
  7.896439960832391E-005
 -8.861686626079814E-004
 -6.482781299406375E-004
 -3.782992164447762E-004
 -1.641572560737643E-005
 -1.578242646405506E-003
 -1.471082428648384E-003
  4.821463494220571E-004
 -2.318081140521462E-004
 -1.719530878280337E-004
  2.375379419600052E-003
  6.720735844162800E-005
 -2.396733808563101E-004
 -8.560299194666555E-005
  1.129808615585934E-003
  -3.32268254597367     
   4.52717570572814     
   1.41824137417519     
 -1.619773911628256E-003
  -1.91956347488709     
   2.28601627603405     
   1.18354775776094     
   3.19761372398424     
 -5.412430062847054E-003
 -4.516013035410519E-004
 -4.377286736592019E-003
 -1.127081563780340E-002
 -1.896951670872904E-003
 -5.227942107206787E-003
 -1.649565153810423E-002
 -6.142157454444117E-003
  2.972621412205968E-003
  1.171759305778268E-002
  4.672121275638986E-003
 -2.127613857897529E-003
  1.502743994852448E-002
  6.859681697333236E-003
 -2.520005715002951E-003
 -8.157172420940632E-003
 -4.176460460229158E-003
  1.134393187348535E-003
 -1.875915551130358E-002
 -9.602431319431807E-003
  2.655984879293040E-003
 -1.046803269015989E-002
  3.156186211684226E-004
 -2.749641348660716E-002
 -7.140010033238450E-005
 -9.202008295348051E-003
 -1.693687239170532E-002
 -5.456957553896479E-004
  1.411489212372072E-003
  2.287456530575145E-003
 -1.934519502151603E-002
  7.436004391051841E-003
 -1.156667917635929E-004
 -1.311667923659795E-002
 -5.946169720647764E-004
  9.934381185035106E-003
  1.190143006159573E-002
 -2.190047802982103E-004
 -1.770046758633364E-002
 -1.170498391388635E-003
  1.560477153491435E-002
 -8.344843270765801E-003
  1.212399456347265E-004
  7.298345539466922E-003
  1.152878085487754E-003
 -1.076172631906180E-002
 -1.405762566398802E-002
  1.692340725700323E-004
  7.592954303510270E-003
  2.313739510629530E-003
 -1.834187174751140E-002
  5.456652853393291E-002
  1.743915113154980E-003
 -3.098115536903595E-005
  3.992458970410723E-004
 -1.226474738343410E-003
 -6.322764300798859E-004
  1.293419845838287E-003
 -3.095506070197332E-002
 -1.035414035811426E-003
  1.425908466586531E-004
 -1.761838915037707E-004
  9.091959704176853E-004
  3.038438637967073E-004
 -8.889508511046939E-004
  2.720056701046811E-002
  9.079512564098754E-004
 -2.053663021046446E-004
  7.813851473417154E-005
 -9.956082028142461E-004
 -1.847289397198498E-004
  9.064513944365728E-004
  4.836152359814929E-004
 -1.414094861541522E-004
  6.458001410494789E-005
  1.247044240318046E-004
  1.832835013371608E-003
 -2.066459706718789E-004
  2.863186657711943E-005
 -2.720942276701450E-005
 -1.873065145809349E-004
  -2.81000067477299     
   1.90779127491993     
 -0.357675033142279     
   1.64445378122387     
   1.42505062481609     
   1.00624913550562     
  0.454708694986217     
   1.78580016753918     
 -2.962374456663858E-003
  1.058051242019639E-003
 -8.289058245040311E-003
 -1.077428820317740E-002
  3.628656308261256E-003
 -3.511718184227561E-002
  7.347432890145260E-003
 -2.238651212839280E-003
  3.346478445545592E-002
 -2.763359527318696E-003
  5.874650996969773E-004
 -1.279423548295801E-002
 -4.004520302647200E-003
  4.940192974156973E-004
 -1.847643180068156E-002
  7.062585312348536E-003
 -2.960480228534428E-004
  3.175625658148219E-002
 -3.066338066992816E-003
 -4.198409088156545E-003
 -0.100573843327253     
  5.023282746926678E-003
 -5.686142391873720E-003
 -2.873186005756511E-003
 -8.058253530752186E-004
 -3.041372735290238E-002
  6.276131125120271E-003
 -1.270945259100803E-003
  2.631927276002828E-003
 -2.981238536953241E-004
 -5.259818833780618E-004
 -3.076981975758081E-003
 -6.580023794369325E-004
  2.920657031093523E-003
 -2.343603036123167E-004
  2.955927815529895E-004
 -2.785729931145106E-003
 -9.960293320629050E-004
  5.274993726069731E-003
 -3.449531883952188E-004
  2.985529479862587E-003
 -4.094956925695108E-003
 -2.459304029283603E-003
 -8.043548793026550E-003
  6.059172694133309E-004
 -4.590128064319829E-003
  5.582058680775918E-003
  4.275912428600646E-003
 -6.369141646041052E-002
 -4.794952492895303E-004
 -1.016973957263363E-003
  1.034254124042728E-004
 -2.513895913852671E-003
  1.887126027764879E-003
 -2.882192124531092E-004
  1.675875459843397E-002
  6.768423612839517E-004
  1.060701441518266E-003
  3.468490019901218E-004
  1.984781810787328E-003
 -3.857012496769899E-004
  1.912313013610484E-003
 -5.611561966118494E-003
 -7.936440648342467E-004
 -1.339837416380755E-003
 -6.737871730070932E-004
 -2.255817240880726E-003
  1.243164364126532E-005
 -2.559827944656216E-003
 -1.664908215237965E-003
  3.142709784570473E-004
 -7.278344442653733E-005
  1.857271562704073E-004
  2.406919588197609E-003
 -8.337723421140060E-005
  7.017141629461135E-005
  4.328125725967651E-005
  5.251673429356304E-004
  -3.32549321957436     
   4.60768295632157     
   1.48951159133594     
  3.447521240046184E-002
  -2.03708068912266     
   2.48868384064110     
   1.31477335459240     
   3.56762973338017     
 -7.779503228205324E-003
 -1.989843446785970E-005
 -1.006885889159661E-002
 -1.278893180921554E-002
 -2.124846829603978E-003
 -2.209947690213221E-002
 -8.748875330307304E-003
 -8.814491225916304E-003
 -3.322967453878106E-002
  6.041037025216195E-003
  5.903881062100365E-003
  2.235861049480193E-002
  8.308900714814049E-003
  8.258647305858900E-003
  2.873873063899976E-002
 -4.845814404108980E-003
 -5.170699208540060E-003
 -1.590254521212975E-002
 -1.066782310587766E-002
 -1.191508700523716E-002
 -3.590514830397447E-002
  5.420424400835250E-003
  9.462649200969438E-004
 -2.682743297516771E-002
  2.389469121639759E-003
 -7.570619058996819E-003
  2.580499852867621E-002
  4.433211305792393E-003
 -1.656714485994143E-003
  5.987747251635199E-003
 -4.410500169829214E-003
 -1.366660432422671E-002
 -2.027762597842083E-003
 -1.173361208410932E-002
 -2.899886902096794E-003
  9.707931345870664E-004
 -2.281788904135102E-002
 -3.494308315174629E-003
 -1.661052167821245E-002
 -4.970122379489914E-003
  2.409709093749291E-003
  1.720943106848464E-002
  2.741749971825660E-003
  7.289515300126440E-003
  3.859977877009075E-003
 -2.343557293259631E-003
  3.082086509960091E-002
  4.946499844586804E-003
  7.796337467580699E-003
  6.929772194317072E-003
 -4.116448551164541E-003
  5.448603504396723E-002
  1.087356551669299E-003
 -7.407266514161576E-004
  1.458304878282555E-003
  1.068666427436217E-004
  8.611458612674604E-004
  3.739183126582576E-003
 -3.175451683266744E-002
 -6.203712328938174E-004
  4.463948749933903E-004
 -5.189854586803736E-004
  1.228895839677569E-004
 -4.730641493655113E-004
 -1.899269412048798E-003
  2.856536020923744E-002
  5.582999044052372E-004
 -4.474350635144926E-004
  3.337019893830535E-005
 -2.382703980041812E-004
  3.717297492891394E-004
  1.534178533712009E-003
 -5.897544845304769E-004
 -7.292600232355556E-004
 -8.459965901482580E-005
 -1.100015119831534E-004
  1.814446965337176E-003
 -1.178986079979387E-004
  8.054437609875420E-005
 -6.426035104243431E-005
 -2.948125447504598E-004
  -2.81716158698867     
   1.94367661895164     
 -0.369745773369292     
   1.72458269299096     
   1.55088737628773     
   1.14213463729644     
  0.527318929917771     
   2.07857377965614     
  4.193966497212388E-003
 -2.496794262961748E-003
  1.169391511673419E-002
  2.142666744117260E-002
 -1.158145698515846E-002
  4.027320511650297E-002
 -3.226649258903017E-002
  1.137502187619368E-002
 -2.839118228348715E-002
  1.275060147710485E-002
 -4.321926770425995E-003
  1.102194295698347E-002
  1.884834236369801E-002
 -6.680425797003930E-003
  1.616507969807823E-002
 -3.264215101133461E-002
  1.226659444508015E-002
 -2.873358595566957E-002
  6.866468292821359E-002
  3.987015925959397E-003
 -0.104735523341427     
  2.930001720083748E-003
  1.949573656506589E-002
  7.328247979639232E-002
  3.347824293311281E-003
 -3.835312001453793E-002
  2.434047593562648E-003
  3.285689311318254E-002
 -3.479392030522998E-002
 -1.421414384369663E-003
  4.876725504374183E-003
 -9.626480180698135E-004
 -1.605101214834168E-002
 -3.245426895856833E-002
 -1.309083574057008E-003
  5.880490909298573E-003
 -8.651928476700309E-004
 -1.430642499570324E-002
 -4.670976861817688E-002
 -1.724083825823059E-003
  1.227489273242015E-002
 -1.241666538452912E-003
 -2.122019739742245E-002
  6.152729331549541E-002
  2.034406356028582E-003
 -1.814631540541938E-002
  1.600015689100278E-003
  2.931797004623778E-002
 -6.185896002242453E-002
 -7.618842548923432E-004
 -1.315752409286646E-003
 -2.308843132786779E-003
  4.481580870063091E-004
 -8.343747298631587E-004
  2.550596932564259E-003
  1.506639201323381E-002
  2.680572521397086E-004
  1.242887377955293E-003
  1.147106043713502E-003
 -3.218219681740606E-004
  1.697700811506867E-005
 -2.750133248746837E-004
 -3.767694790964807E-003
 -3.753136469815254E-005
 -1.703809730524907E-003
 -1.084206779667518E-003
  6.498870793532970E-004
  1.440243953803845E-004
 -3.824847347891969E-004
 -8.439489598383305E-004
 -1.091345503674664E-003
 -2.993716882087243E-004
 -6.237134967964691E-005
  2.269452131669871E-003
 -1.059095318805814E-004
 -1.693477081251795E-004
  1.212782185737314E-004
  1.220605814213540E-003
  -3.32253155803963     
   4.51163648729322     
   1.40124475249669     
 -1.408237824872133E-002
  -1.88890267823871     
   2.22149583759392     
   1.13770189180922     
   3.06600487040428     
 -1.615200113302390E-003
  1.678622558523798E-003
 -8.966589605433549E-003
 -9.836209597255305E-003
  1.488680264997317E-003
 -2.062698694844750E-002
 -3.091856719513621E-002
 -3.819567981366551E-003
 -3.275744902569215E-002
  2.142576299026510E-002
  2.738462152599155E-003
  2.177284232654480E-002
  2.471286126480642E-002
  4.403051783671954E-003
  2.592746135316422E-002
 -1.175843107670493E-002
 -3.039221569029543E-003
 -1.325668393914364E-002
 -2.743983227866163E-002
 -7.048033541279488E-003
 -3.024980791795757E-002
 -5.919034430708041E-003
  8.540808110700022E-005
 -3.029666480031112E-002
  1.414188475060630E-003
 -2.105918491208428E-003
 -1.080121187143127E-002
  1.308992628184347E-003
 -8.191915760126933E-004
  3.066148479580214E-003
 -2.271754765024896E-002
  5.252798261496341E-003
 -3.301392270423301E-004
 -1.290615070663233E-002
 -2.147686729883944E-003
  1.395544583683845E-002
  8.098797863039651E-003
 -5.828600616278338E-004
 -1.754226790484990E-002
 -3.631946205329003E-003
  2.313120444162936E-002
 -5.472677206927260E-003
  5.667806009688560E-004
  7.293605967086566E-003
  2.672386737228514E-003
 -1.729923316561974E-002
 -9.236272289994482E-003
  1.185685685067002E-003
  7.680382279047779E-003
  4.663478531387151E-003
 -3.109907289032240E-002
  5.542654055168190E-002
 -1.143486688743477E-003
  9.607032866054627E-004
  1.504288737310561E-003
  1.907259440985431E-004
  1.102209336339040E-003
 -2.867946688656666E-003
 -3.129883198870301E-002
  6.825938366283101E-004
 -7.853657668221383E-004
 -5.809565747794912E-004
 -1.727366912853793E-004
 -6.613108470596569E-004
  1.149892939455884E-003
  2.733958398307356E-002
 -6.185212950850030E-004
  9.595553416968975E-004
  1.789315227041235E-004
  1.969075984069694E-004
  5.853308206318991E-004
 -6.630088666894127E-004
 -8.159939095249649E-005
 -5.660573499212037E-004
  2.708961256481013E-005
 -1.402153865460469E-004
  1.854590860258508E-003
  1.156417262396718E-004
 -7.418092733775662E-005
  8.535052192154865E-005
 -2.598035296333286E-004
  -2.81232465070971     
   1.91669213577874     
 -0.360850589358404     
   1.66151597116733     
   1.45367097120249     
   1.04556146374942     
  0.478320030816565     
   1.88241131779465     
  1.294734364090982E-002
 -3.329927087007856E-003
 -1.418414974170119E-003
  5.745647152674228E-002
 -1.458681859581044E-002
 -6.249306824744697E-003
 -6.121168148876441E-002
  1.416788053266761E-002
  7.384969117993368E-003
  2.416285163073082E-002
 -5.388668229386169E-003
 -3.104754301851361E-003
  3.542895173947241E-002
 -8.334110374632256E-003
 -4.705977006651677E-003
 -6.136871826200143E-002
  1.541185179632872E-002
  8.327335477234406E-003
 -8.067449812880274E-003
 -3.084157526244653E-003
 -0.101442307986545     
  2.128519418130907E-004
  7.113773634158004E-003
 -7.783261661018475E-003
 -3.961886268823956E-003
 -3.139526979013325E-002
 -1.566786629605968E-003
  2.801311825619390E-003
  2.866730382475523E-003
  1.879770841972351E-003
  1.087830872268958E-003
  1.109953251895459E-003
 -1.298878842863223E-003
  2.317589992619527E-003
  1.647368355426903E-003
  2.408229175623410E-003
  1.052825266242793E-003
 -1.484608103391005E-003
  2.794339159933101E-003
  2.335635664677101E-003
  6.698034410078684E-003
  1.674269943248146E-003
 -2.630642558363816E-003
 -3.244381861364028E-003
 -3.135464700722521E-003
 -9.890512041945429E-003
 -2.442583258945332E-003
  3.906340827337704E-003
 -6.153472526546597E-002
 -9.108463185144635E-004
  7.917891290642156E-004
 -2.300887152433072E-003
 -4.200537582293170E-004
  2.132438422060821E-004
 -2.004290341326376E-003
  1.259381525188780E-002
  4.399978060973428E-004
 -7.720764332929172E-004
  1.070721931936856E-003
  4.536154016110359E-004
 -2.619375890450930E-004
  2.452929352343217E-003
 -6.417961323851471E-004
 -3.776925910238077E-004
  8.730195045167237E-004
 -9.343354271727091E-004
 -5.505410146052229E-004
  2.647989587783671E-004
 -2.804359277450618E-003
  2.704672375672104E-004
 -1.091132306610806E-003
  4.424791081489636E-005
  4.874392843562161E-005
  2.383594694733970E-003
 -6.923572887135747E-005
  1.788597368985755E-004
 -6.764055889868251E-005
 -9.172132918039527E-004
  -3.32340241530447     
   4.55102662518140     
   1.44004662838600     
  9.909147054293049E-003
  -1.95577196386567     
   2.34880958467954     
   1.22425361488734     
   3.31241885208533     
 -8.511892408312091E-004
 -7.875607011646147E-004
  5.174071543126435E-003
 -1.112286061151510E-003
 -2.384889202569565E-003
  6.656312868222231E-003
 -1.402431375733213E-003
 -6.774706544338547E-003
 -1.859187448706063E-003
  1.966655828294929E-003
  5.518607750392112E-003
  1.526618491393194E-003
  4.094304485146102E-003
  8.010977420936561E-003
  1.596270048534029E-003
 -2.695795167449226E-003
 -4.595421302855763E-003
 -5.211196857621558E-004
 -5.916232548436299E-003
 -1.049482588415006E-002
 -1.445242431913661E-003
  9.210806327452931E-003
  6.443554172378884E-005
 -2.535722186640431E-002
 -1.876230996361514E-004
  5.752736320355968E-004
  1.024999518416171E-002
 -1.288637388353356E-003
  3.044859684696428E-003
 -3.027441658294986E-003
  4.018389430043654E-004
 -3.066987672005292E-003
  2.989138929635858E-004
 -1.381516286121677E-002
  1.078123630186964E-003
 -7.417772180298406E-005
 -4.322397247954415E-003
  6.768160993666380E-004
 -1.901756191257955E-002
  1.853480372026866E-003
  5.977261203660807E-004
  2.428118211445567E-003
 -7.449672388493291E-004
  8.293583857492770E-003
 -1.520312039895883E-003
 -1.018523520969509E-003
  3.279108499227445E-003
 -1.530157109268582E-003
  9.139062208919349E-003
 -2.825651771055803E-003
 -2.139697746428691E-003
  5.418345055529419E-002
 -1.217887556233263E-003
 -2.796721205856610E-004
 -8.050707717536279E-005
  1.523157104008719E-003
 -9.696963067905536E-004
  2.209686864160110E-003
 -3.107306299154123E-002
  7.201610189858254E-004
  1.222976650107906E-004
 -5.526303058627494E-005
 -1.041237109476562E-003
  4.831427525397459E-004
 -1.582379570078140E-003
  2.758162044888164E-002
 -6.180319976787483E-004
 -8.541564397835145E-005
  1.444304343337043E-004
  1.125617558337196E-003
 -3.267639955860076E-004
  1.687745346932773E-003
 -3.797722640618191E-004
  1.204203048365125E-004
 -9.193381878967842E-005
  1.565644033399881E-004
  1.810667618424648E-003
  1.743640769231516E-004
  1.169566371109265E-005
 -1.819965142368557E-005
 -1.682613778802899E-004
  -2.81530562837415     
   1.93381595922587     
 -0.366283645095233     
   1.70064983312804     
   1.51278000015255     
   1.10364753364686     
  0.508169265737988     
   2.00191191920370     
  9.465016673911654E-003
 -1.365000744927586E-003
  5.963836808427968E-003
  3.800895310193745E-002
 -6.902380961294400E-003
  2.823274041683674E-002
 -3.359176631802565E-002
  8.194639519583387E-003
 -3.267633429749636E-002
  1.322697599600320E-002
 -3.395281161879273E-003
  1.335560976713226E-002
  1.924943343241112E-002
 -5.389700507029201E-003
  1.986262126522888E-002
 -3.335455669722787E-002
  1.001687992541960E-002
 -3.457015239078114E-002
  9.422871766858043E-003
 -7.534898761981031E-003
 -9.572523897763974E-002
  2.010247638099520E-003
  1.415850985352402E-002
  7.008106293812456E-003
 -7.120944580323141E-003
 -2.752796432640811E-002
  1.440363127598921E-003
  1.263643190919318E-003
 -2.016284322141781E-003
  3.395860515343702E-003
  1.200683568664692E-004
 -5.665985025154323E-004
  1.833326888684675E-003
 -1.452206420199599E-003
  3.287420824299469E-003
  1.756128596643468E-003
 -5.634371107308747E-004
  1.916950444027747E-003
 -1.506995405530094E-003
  5.006756277066863E-003
  6.589609274489375E-003
 -8.106749388673915E-004
  4.122612431370207E-003
  1.576520868708933E-003
 -6.754487547637580E-003
 -1.062296004792293E-002
  9.916058353214329E-004
 -7.062099457482015E-003
 -5.976246147486075E-002
 -8.923477640600573E-004
  9.744751255938755E-004
 -9.816955682919509E-004
  5.535792739327128E-004
  1.468115617666390E-003
 -1.091981474265819E-003
  1.351247098755803E-002
  2.072510417816585E-004
 -1.227033131011950E-003
  7.234239571914229E-004
 -1.069876020960804E-003
 -2.354052923646839E-004
 -3.223290388076560E-003
 -1.915788286246053E-003
 -8.341796728270316E-005
  1.655593676200497E-003
 -8.290599040758838E-004
  1.405473752448732E-003
 -5.771812134873992E-005
  4.760993875723371E-003
 -7.011792175544821E-005
 -3.116903286765212E-004
  1.024989950403788E-004
  1.496445008301611E-004
  2.340697072284706E-003
 -3.761220051254197E-005
  1.450773845201029E-004
 -6.097124602965146E-005
 -4.274544012437193E-004
  -3.32221167064053     
   4.53754729235029     
   1.43285187715860     
  7.892299182161142E-003
  -1.94439749366408     
   2.31948587134729     
   1.19952053622915     
   3.23890904054030     
  4.521683082687464E-003
  2.220817281674640E-004
  1.938021118715742E-003
  7.641040018297073E-003
 -6.298087683667462E-005
  2.712645345532022E-003
  4.076548674137918E-003
 -2.350121976861665E-003
  1.672699111140416E-003
 -1.670565460172309E-003
  1.961628201606209E-003
 -2.047013638742469E-003
 -1.657281942980604E-003
  3.128259686287527E-003
 -5.025441609895020E-003
  1.004803492773355E-003
 -1.987435987012370E-003
  3.699706948117161E-003
  1.818096149658655E-003
 -4.571041396340060E-003
  7.942257197862259E-003
 -2.007367527242470E-003
 -6.933076056747734E-004
 -2.134547419564400E-002
 -9.539946678589132E-004
  2.901915273010638E-003
 -1.326441546664525E-002
  1.057158163146878E-003
  3.639796380244295E-003
 -2.710189648710296E-003
 -9.855618088555918E-003
  7.151499287783137E-003
 -5.834454431211575E-004
 -1.381515895280342E-002
  1.160861642171826E-003
  7.420424064827378E-003
  1.141719898000680E-002
 -8.371241932889000E-004
 -1.973641053888404E-002
  2.054529678601391E-003
  1.146263347766527E-002
 -8.321570224878774E-003
  4.956760173829102E-004
  9.120528351925991E-003
 -1.699090749539018E-003
 -7.817337597823064E-003
 -1.494838386314598E-002
  7.846151600060112E-004
  1.025346583081014E-002
 -3.165129887005458E-003
 -1.378812705592094E-002
  5.345186118637685E-002
 -1.099930863323856E-003
  7.179723540044064E-004
  2.002033165490148E-004
  7.248386798170847E-004
 -3.698338348432466E-004
 -3.025209875667169E-003
 -3.169384386384849E-002
  6.777225399345443E-004
 -4.636620520656666E-004
 -8.267858503550967E-005
 -5.664978015069388E-004
  1.441035367887701E-004
  2.234673253595113E-003
  2.891082916096663E-002
 -6.386332845959746E-004
  5.587919883277417E-004
 -6.749023004415337E-006
  6.260072230483702E-004
 -7.114287700274684E-005
 -2.441692687214665E-003
  2.025811183252262E-004
 -1.347245552983526E-004
  5.719168798854785E-005
 -5.360255054806297E-006
  1.784634965445469E-003
  9.788618795237447E-005
 -1.166532201666270E-004
 -5.083456225666125E-005
 -2.652636583183687E-005
  -2.81841923159882     
   1.94706999453882     
 -0.370984715178719     
   1.72484271909839     
   1.53578822508478     
   1.11501970843882     
  0.510501089994043     
   2.00962101629246     
  1.320352791399855E-002
 -1.971530851970436E-003
  8.326772576305834E-003
  4.609486727904900E-002
 -1.037619661932213E-002
  3.626538918598927E-002
 -3.165167238776306E-002
  1.300274361683368E-002
 -4.038166677302876E-002
  1.227195343474908E-002
 -5.411940093305127E-003
  1.510377180575480E-002
  1.775902364997081E-002
 -8.442346746372948E-003
  2.172221117583003E-002
 -3.137300725255769E-002
  1.529361443295182E-002
 -3.733115832168046E-002
 -1.616415550079930E-002
 -4.946794487035533E-003
 -0.100982937177979     
 -6.952621790785940E-003
  1.554498346542532E-002
 -2.457123435081272E-002
 -5.518222522424971E-003
 -3.087039756131989E-002
 -2.188941414107838E-003
 -1.426625434214996E-002
  1.391907344336670E-002
  2.863280671617265E-003
  4.865022281352013E-004
  1.905138587043370E-005
  1.146077170631270E-002
  1.344532094111215E-002
  2.810035011416896E-003
  1.727248290835687E-003
  3.627477292527590E-005
  1.029532053153506E-002
  2.002219562992221E-002
  4.516699366971602E-003
  5.862663713840088E-003
  9.784880189297038E-005
  1.672428128131455E-002
 -2.698206173456708E-002
 -6.436759838845692E-003
 -9.134336617854174E-003
 -5.553552210512335E-005
 -2.506573692168598E-002
 -6.275433709629018E-002
  2.771473884206512E-003
 -1.537189904769675E-003
 -1.138954897727002E-003
  2.910650906880841E-004
  6.899581507644448E-004
 -1.009111271934642E-003
  1.496799372116680E-002
 -9.773617438272385E-004
  1.209946123710914E-003
  8.813106189763123E-004
 -3.671311252145339E-004
  5.846268361172727E-005
 -2.227591208078331E-003
 -3.466081102588744E-003
  5.658079633067655E-004
 -1.097680406292661E-003
 -1.083041423322415E-003
  2.724024584162922E-004
 -2.322872590318869E-004
  3.397576673880430E-003
  6.381282998863050E-004
 -3.670309849023916E-004
  2.024953221944966E-004
  7.105373521178511E-005
  2.254971820324708E-003
  2.417109939227101E-004
  6.462939306125353E-005
 -5.393155299966903E-005
  7.338501328705312E-004
  -3.32463768100411     
   4.57990029723463     
   1.46456785870456     
  2.065479480162239E-002
  -1.99498166168099     
   2.40996811072901     
   1.26133688192957     
   3.41545425346997     
  5.514988176661829E-003
 -7.346468210325958E-004
  1.751356610794014E-003
  5.290030747887258E-003
 -2.657030798354716E-003
  4.936767678216097E-003
 -1.087119013169158E-002
 -6.897423502579627E-003
  1.228281433177815E-002
  8.731635662760601E-003
  4.492039208542568E-003
 -9.752023347270785E-003
  1.094185682660167E-002
  6.451026944824873E-003
 -1.549631565950394E-002
 -5.223061319983628E-003
 -4.261147535440824E-003
  9.517652527861365E-003
 -1.237193862516950E-002
 -9.869833825770153E-003
  2.112595297340447E-002
 -1.070172999579454E-002
  3.984471798273945E-004
 -2.371921370184528E-002
 -7.188658030935119E-004
 -2.413473813969262E-004
 -2.775961621268588E-002
  2.215905162375366E-003
  5.392756239438558E-003
 -2.324063190853104E-003
 -2.186952493636880E-002
  1.314494406467530E-002
 -1.031177794819775E-003
 -1.515901980965971E-002
  6.701842878514239E-004
  1.357733966496955E-002
  2.050273652052759E-002
 -1.754797164749448E-003
 -2.181464194731810E-002
  1.222954512897281E-003
  2.031881049672433E-002
 -1.434485146288323E-002
  1.425797619168160E-003
  1.077743452132554E-002
 -1.067792527970343E-003
 -1.339455515374088E-002
 -2.490009339229880E-002
  2.708081147416627E-003
  1.369572690012955E-002
 -1.995201956775368E-003
 -2.318223261996749E-002
  5.373497010222575E-002
 -1.210353400045484E-003
  1.433561522766464E-003
  1.268145332151409E-003
  7.026897210285163E-004
  5.381782149313534E-004
  4.355441741460019E-003
 -3.131493068725249E-002
  6.559673784255595E-004
 -1.185930248803465E-003
 -3.428479255755905E-004
 -5.811466450714340E-004
 -4.046828237945507E-004
 -1.908191702480870E-003
  2.816847138388498E-002
 -5.311026198808584E-004
  1.479139871369777E-003
 -1.627973343402441E-004
  6.390195102624464E-004
  4.337177468332218E-004
  1.269509942729437E-003
  4.641506808817954E-004
 -6.911114439413555E-004
  1.915991795120104E-004
 -1.037063265212012E-004
  1.756046316634785E-003
  1.569144561305045E-004
 -1.418912120939891E-004
 -5.508585844047224E-005
  2.815539377474175E-004
  -2.80681629999695     
   1.88996841542280     
 -0.351729624180027     
   1.60683879586084     
   1.37669336289087     
  0.967264361512420     
  0.437602962312422     
   1.71877993148869     
  6.350877711362815E-003
 -8.438250303515141E-004
  4.294762788884174E-004
  2.290984699649863E-002
 -5.257684498952172E-003
  4.295923837610214E-003
 -1.624972346035045E-002
  8.833956109534752E-003
 -2.909806319593530E-003
  6.508939920483662E-003
 -4.013240600530672E-003
  2.276818008072408E-003
  9.672382148618762E-003
 -6.562231974817615E-003
  3.857226046426912E-003
 -1.732796810327327E-002
  1.235784485682260E-002
 -7.078994899247504E-003
 -1.168508463479710E-002
  5.731576289171971E-003
 -9.377624744978554E-002
 -2.559959185532996E-003
  2.334459086545494E-002
 -2.218649540512193E-002
  4.372990219979690E-004
 -2.622312654380415E-002
 -4.164157629829605E-003
  1.612314540783272E-002
  1.061587642075804E-002
  9.022421459300189E-004
 -1.047876354988184E-003
  2.078565944031671E-003
 -6.564973109094609E-003
  9.098786309460779E-003
  8.194999914280687E-004
  2.927715338975576E-004
  1.833907842444677E-003
 -6.308542508239044E-003
  1.270453956894777E-002
  1.344624258689289E-003
  3.646592126293492E-003
  2.602995799992482E-003
 -8.686594809673230E-003
 -1.688121930276216E-002
 -2.197807921208906E-003
 -5.977475556991206E-003
 -3.478800522778641E-003
  1.073556790922584E-002
 -6.003195107933743E-002
  9.047514027430965E-005
 -4.984757201232728E-004
 -1.733634755960127E-004
 -7.884646564544351E-004
 -2.970417777794108E-003
  1.843718313538475E-003
  1.463476564343843E-002
  2.332063951580125E-007
  1.716270602334762E-004
  3.654335306617271E-004
  3.700588749269649E-006
  5.302006171858435E-004
 -2.865086332622771E-003
 -3.493243715005912E-003
 -1.865190748756536E-005
  5.537736703561666E-005
 -5.349103165481747E-004
  3.675302059271856E-004
  9.521815987299084E-005
  3.438221731358392E-003
  2.834900843275937E-004
  1.354309170022632E-004
  3.963109225782933E-004
 -3.213843254962499E-004
  2.301701487085105E-003
  2.746430837733054E-005
  1.307336381365129E-004
  1.050439356687217E-004
  1.257370723175869E-004
  -3.32508379520874     
   4.61098717156910     
   1.49677622414887     
  4.237176990112381E-002
  -2.05185677444381     
   2.52195001454674     
   1.33790645752378     
   3.63362614009159     
  1.573552935944803E-003
 -1.364311318447260E-003
  6.600504842395128E-003
 -2.512783760705812E-003
 -2.105154600325304E-003
  1.104952816453833E-002
 -1.837382327633255E-002
 -2.973825281251488E-003
  5.543082411489725E-003
  1.224045099529394E-002
  3.287642305705457E-003
 -2.230341789515208E-003
  1.445171176202742E-002
  5.293028974576479E-003
 -1.166866160054438E-003
 -7.367171014907479E-003
 -2.974279993846536E-003
  2.546087046632450E-004
 -1.723615729413113E-002
 -6.739831489435730E-003
  2.939827653509964E-004
  7.200704270813403E-003
 -9.935896189404102E-004
 -2.830532973281690E-002
  1.067996873035699E-004
  1.219379133731426E-002
  3.166118727047884E-003
 -3.281238073633601E-003
 -9.243198703717445E-003
 -1.880938261764788E-003
  1.901226682853686E-002
  6.956923478233182E-004
  2.179715669530907E-003
 -7.474751830248156E-003
  1.120352523643588E-003
 -7.849605407508347E-003
  8.696000891972984E-004
  3.678600170712758E-003
 -1.015375407293609E-002
  1.997889174350777E-003
 -1.432142326943053E-002
 -3.577045012797444E-004
 -2.709111596919389E-003
  2.929806377091108E-003
 -1.631435163334358E-003
  1.165519276797216E-002
 -7.331210400328826E-004
 -4.712718894045302E-003
  1.981060287843631E-004
 -3.038248070920045E-003
  2.081485431672360E-002
  5.300635930963329E-002
 -2.283497370488453E-004
  1.622416172907863E-003
 -1.120794628014844E-003
  8.876203945195038E-004
  1.830492402527967E-003
 -3.950409931377348E-003
 -3.149322966441545E-002
  1.748057911439713E-004
 -8.958334044833346E-004
  3.298817259847434E-004
 -4.720532861156483E-004
 -1.114637008633765E-003
  2.657851020804720E-003
  2.874667970171391E-002
 -1.938088118597963E-004
  8.500999619344598E-004
  6.546483544263027E-005
  4.975478811832883E-004
  1.080284590615920E-003
 -2.738577621369148E-003
 -5.990147288257076E-005
  5.203411724347009E-004
 -1.262349365177897E-004
 -6.931331546457618E-005
  1.812057906476122E-003
  4.054354206237205E-005
 -1.337522704124909E-004
 -3.892592217795680E-006
  8.119657916816107E-004
