 atom           1
 For L =            0 there are          15 radial functions
 For L =            1 there are          14 radial functions
 For L =            2 there are          15 radial functions
 For L =            3 there are          14 radial functions
 For L =            4 there are          13 radial functions
 For L =            5 there are           9 radial functions
 For L =            6 there are           6 radial functions
 For atom            1 max L =            6
 atom           2
 For L =            0 there are          10 radial functions
 For L =            1 there are          10 radial functions
 For L =            2 there are           9 radial functions
 For L =            3 there are           8 radial functions
 For L =            4 there are           4 radial functions
 For L =            5 there are           2 radial functions
 For L =            6 there are           1 radial functions
 For atom            2 max L =            6
 atom           3
 For L =            0 there are          10 radial functions
 For L =            1 there are          10 radial functions
 For L =            2 there are           9 radial functions
 For L =            3 there are           8 radial functions
 For L =            4 there are           4 radial functions
 For L =            5 there are           2 radial functions
 For L =            6 there are           1 radial functions
 For atom            3 max L =            6
 atom           4
 For L =            0 there are          15 radial functions
 For L =            1 there are          14 radial functions
 For L =            2 there are          15 radial functions
 For L =            3 there are          14 radial functions
 For L =            4 there are          13 radial functions
 For L =            5 there are           9 radial functions
 For L =            6 there are           6 radial functions
 For atom            4 max L =            6
 atom           5
 For L =            0 there are          10 radial functions
 For L =            1 there are          10 radial functions
 For L =            2 there are           9 radial functions
 For L =            3 there are           8 radial functions
 For L =            4 there are           4 radial functions
 For L =            5 there are           2 radial functions
 For L =            6 there are           1 radial functions
 For atom            5 max L =            6
 atom           6
 For L =            0 there are          10 radial functions
 For L =            1 there are          10 radial functions
 For L =            2 there are           9 radial functions
 For L =            3 there are           8 radial functions
 For L =            4 there are           4 radial functions
 For L =            5 there are           2 radial functions
 For L =            6 there are           1 radial functions
 For atom            6 max L =            6
 atom           7
 For L =            0 there are          15 radial functions
 For L =            1 there are          14 radial functions
 For L =            2 there are          15 radial functions
 For L =            3 there are          14 radial functions
 For L =            4 there are          13 radial functions
 For L =            5 there are           9 radial functions
 For L =            6 there are           6 radial functions
 For atom            7 max L =            6
 atom           8
 For L =            0 there are          10 radial functions
 For L =            1 there are          10 radial functions
 For L =            2 there are           9 radial functions
 For L =            3 there are           8 radial functions
 For L =            4 there are           4 radial functions
 For L =            5 there are           2 radial functions
 For L =            6 there are           1 radial functions
 For atom            8 max L =            6
 atom           9
 For L =            0 there are          10 radial functions
 For L =            1 there are          10 radial functions
 For L =            2 there are           9 radial functions
 For L =            3 there are           8 radial functions
 For L =            4 there are           4 radial functions
 For L =            5 there are           2 radial functions
 For L =            6 there are           1 radial functions
 For atom            9 max L =            6
 atom          10
 For L =            0 there are          15 radial functions
 For L =            1 there are          14 radial functions
 For L =            2 there are          15 radial functions
 For L =            3 there are          14 radial functions
 For L =            4 there are          13 radial functions
 For L =            5 there are           9 radial functions
 For L =            6 there are           6 radial functions
 For atom           10 max L =            6
 atom          11
 For L =            0 there are          10 radial functions
 For L =            1 there are          10 radial functions
 For L =            2 there are           9 radial functions
 For L =            3 there are           8 radial functions
 For L =            4 there are           4 radial functions
 For L =            5 there are           2 radial functions
 For L =            6 there are           1 radial functions
 For atom           11 max L =            6
 atom          12
 For L =            0 there are          10 radial functions
 For L =            1 there are          10 radial functions
 For L =            2 there are           9 radial functions
 For L =            3 there are           8 radial functions
 For L =            4 there are           4 radial functions
 For L =            5 there are           2 radial functions
 For L =            6 there are           1 radial functions
 For atom           12 max L =            6
 atom          13
 For L =            0 there are          15 radial functions
 For L =            1 there are          14 radial functions
 For L =            2 there are          15 radial functions
 For L =            3 there are          14 radial functions
 For L =            4 there are          13 radial functions
 For L =            5 there are           9 radial functions
 For L =            6 there are           6 radial functions
 For atom           13 max L =            6
 atom          14
 For L =            0 there are          10 radial functions
 For L =            1 there are          10 radial functions
 For L =            2 there are           9 radial functions
 For L =            3 there are           8 radial functions
 For L =            4 there are           4 radial functions
 For L =            5 there are           2 radial functions
 For L =            6 there are           1 radial functions
 For atom           14 max L =            6
 atom          15
 For L =            0 there are          10 radial functions
 For L =            1 there are          10 radial functions
 For L =            2 there are           9 radial functions
 For L =            3 there are           8 radial functions
 For L =            4 there are           4 radial functions
 For L =            5 there are           2 radial functions
 For L =            6 there are           1 radial functions
 For atom           15 max L =            6
 atom          16
 For L =            0 there are          15 radial functions
 For L =            1 there are          14 radial functions
 For L =            2 there are          15 radial functions
 For L =            3 there are          14 radial functions
 For L =            4 there are          13 radial functions
 For L =            5 there are           9 radial functions
 For L =            6 there are           6 radial functions
 For atom           16 max L =            6
 atom          17
 For L =            0 there are          10 radial functions
 For L =            1 there are          10 radial functions
 For L =            2 there are           9 radial functions
 For L =            3 there are           8 radial functions
 For L =            4 there are           4 radial functions
 For L =            5 there are           2 radial functions
 For L =            6 there are           1 radial functions
 For atom           17 max L =            6
 atom          18
 For L =            0 there are          10 radial functions
 For L =            1 there are          10 radial functions
 For L =            2 there are           9 radial functions
 For L =            3 there are           8 radial functions
 For L =            4 there are           4 radial functions
 For L =            5 there are           2 radial functions
 For L =            6 there are           1 radial functions
 For atom           18 max L =            6
 atom          19
 For L =            0 there are          15 radial functions
 For L =            1 there are          14 radial functions
 For L =            2 there are          15 radial functions
 For L =            3 there are          14 radial functions
 For L =            4 there are          13 radial functions
 For L =            5 there are           9 radial functions
 For L =            6 there are           6 radial functions
 For atom           19 max L =            6
 atom          20
 For L =            0 there are          10 radial functions
 For L =            1 there are          10 radial functions
 For L =            2 there are           9 radial functions
 For L =            3 there are           8 radial functions
 For L =            4 there are           4 radial functions
 For L =            5 there are           2 radial functions
 For L =            6 there are           1 radial functions
 For atom           20 max L =            6
 atom          21
 For L =            0 there are          10 radial functions
 For L =            1 there are          10 radial functions
 For L =            2 there are           9 radial functions
 For L =            3 there are           8 radial functions
 For L =            4 there are           4 radial functions
 For L =            5 there are           2 radial functions
 For L =            6 there are           1 radial functions
 For atom           21 max L =            6
 atom          22
 For L =            0 there are          15 radial functions
 For L =            1 there are          14 radial functions
 For L =            2 there are          15 radial functions
 For L =            3 there are          14 radial functions
 For L =            4 there are          13 radial functions
 For L =            5 there are           9 radial functions
 For L =            6 there are           6 radial functions
 For atom           22 max L =            6
 atom          23
 For L =            0 there are          10 radial functions
 For L =            1 there are          10 radial functions
 For L =            2 there are           9 radial functions
 For L =            3 there are           8 radial functions
 For L =            4 there are           4 radial functions
 For L =            5 there are           2 radial functions
 For L =            6 there are           1 radial functions
 For atom           23 max L =            6
 atom          24
 For L =            0 there are          10 radial functions
 For L =            1 there are          10 radial functions
 For L =            2 there are           9 radial functions
 For L =            3 there are           8 radial functions
 For L =            4 there are           4 radial functions
 For L =            5 there are           2 radial functions
 For L =            6 there are           1 radial functions
 For atom           24 max L =            6
 atom          25
 For L =            0 there are          15 radial functions
 For L =            1 there are          14 radial functions
 For L =            2 there are          15 radial functions
 For L =            3 there are          14 radial functions
 For L =            4 there are          13 radial functions
 For L =            5 there are           9 radial functions
 For L =            6 there are           6 radial functions
 For atom           25 max L =            6
 atom          26
 For L =            0 there are          10 radial functions
 For L =            1 there are          10 radial functions
 For L =            2 there are           9 radial functions
 For L =            3 there are           8 radial functions
 For L =            4 there are           4 radial functions
 For L =            5 there are           2 radial functions
 For L =            6 there are           1 radial functions
 For atom           26 max L =            6
 atom          27
 For L =            0 there are          10 radial functions
 For L =            1 there are          10 radial functions
 For L =            2 there are           9 radial functions
 For L =            3 there are           8 radial functions
 For L =            4 there are           4 radial functions
 For L =            5 there are           2 radial functions
 For L =            6 there are           1 radial functions
 For atom           27 max L =            6
 atom          28
 For L =            0 there are          15 radial functions
 For L =            1 there are          14 radial functions
 For L =            2 there are          15 radial functions
 For L =            3 there are          14 radial functions
 For L =            4 there are          13 radial functions
 For L =            5 there are           9 radial functions
 For L =            6 there are           6 radial functions
 For atom           28 max L =            6
 atom          29
 For L =            0 there are          10 radial functions
 For L =            1 there are          10 radial functions
 For L =            2 there are           9 radial functions
 For L =            3 there are           8 radial functions
 For L =            4 there are           4 radial functions
 For L =            5 there are           2 radial functions
 For L =            6 there are           1 radial functions
 For atom           29 max L =            6
 atom          30
 For L =            0 there are          10 radial functions
 For L =            1 there are          10 radial functions
 For L =            2 there are           9 radial functions
 For L =            3 there are           8 radial functions
 For L =            4 there are           4 radial functions
 For L =            5 there are           2 radial functions
 For L =            6 there are           1 radial functions
 For atom           30 max L =            6
 atom          31
 For L =            0 there are          15 radial functions
 For L =            1 there are          14 radial functions
 For L =            2 there are          15 radial functions
 For L =            3 there are          14 radial functions
 For L =            4 there are          13 radial functions
 For L =            5 there are           9 radial functions
 For L =            6 there are           6 radial functions
 For atom           31 max L =            6
 atom          32
 For L =            0 there are          10 radial functions
 For L =            1 there are          10 radial functions
 For L =            2 there are           9 radial functions
 For L =            3 there are           8 radial functions
 For L =            4 there are           4 radial functions
 For L =            5 there are           2 radial functions
 For L =            6 there are           1 radial functions
 For atom           32 max L =            6
 atom          33
 For L =            0 there are          10 radial functions
 For L =            1 there are          10 radial functions
 For L =            2 there are           9 radial functions
 For L =            3 there are           8 radial functions
 For L =            4 there are           4 radial functions
 For L =            5 there are           2 radial functions
 For L =            6 there are           1 radial functions
 For atom           33 max L =            6
 atom          34
 For L =            0 there are          15 radial functions
 For L =            1 there are          14 radial functions
 For L =            2 there are          15 radial functions
 For L =            3 there are          14 radial functions
 For L =            4 there are          13 radial functions
 For L =            5 there are           9 radial functions
 For L =            6 there are           6 radial functions
 For atom           34 max L =            6
 atom          35
 For L =            0 there are          10 radial functions
 For L =            1 there are          10 radial functions
 For L =            2 there are           9 radial functions
 For L =            3 there are           8 radial functions
 For L =            4 there are           4 radial functions
 For L =            5 there are           2 radial functions
 For L =            6 there are           1 radial functions
 For atom           35 max L =            6
 atom          36
 For L =            0 there are          10 radial functions
 For L =            1 there are          10 radial functions
 For L =            2 there are           9 radial functions
 For L =            3 there are           8 radial functions
 For L =            4 there are           4 radial functions
 For L =            5 there are           2 radial functions
 For L =            6 there are           1 radial functions
 For atom           36 max L =            6
 atom          37
 For L =            0 there are          15 radial functions
 For L =            1 there are          14 radial functions
 For L =            2 there are          15 radial functions
 For L =            3 there are          14 radial functions
 For L =            4 there are          13 radial functions
 For L =            5 there are           9 radial functions
 For L =            6 there are           6 radial functions
 For atom           37 max L =            6
 atom          38
 For L =            0 there are          10 radial functions
 For L =            1 there are          10 radial functions
 For L =            2 there are           9 radial functions
 For L =            3 there are           8 radial functions
 For L =            4 there are           4 radial functions
 For L =            5 there are           2 radial functions
 For L =            6 there are           1 radial functions
 For atom           38 max L =            6
 atom          39
 For L =            0 there are          10 radial functions
 For L =            1 there are          10 radial functions
 For L =            2 there are           9 radial functions
 For L =            3 there are           8 radial functions
 For L =            4 there are           4 radial functions
 For L =            5 there are           2 radial functions
 For L =            6 there are           1 radial functions
 For atom           39 max L =            6
 atom          40
 For L =            0 there are          15 radial functions
 For L =            1 there are          14 radial functions
 For L =            2 there are          15 radial functions
 For L =            3 there are          14 radial functions
 For L =            4 there are          13 radial functions
 For L =            5 there are           9 radial functions
 For L =            6 there are           6 radial functions
 For atom           40 max L =            6
 atom          41
 For L =            0 there are          10 radial functions
 For L =            1 there are          10 radial functions
 For L =            2 there are           9 radial functions
 For L =            3 there are           8 radial functions
 For L =            4 there are           4 radial functions
 For L =            5 there are           2 radial functions
 For L =            6 there are           1 radial functions
 For atom           41 max L =            6
 atom          42
 For L =            0 there are          10 radial functions
 For L =            1 there are          10 radial functions
 For L =            2 there are           9 radial functions
 For L =            3 there are           8 radial functions
 For L =            4 there are           4 radial functions
 For L =            5 there are           2 radial functions
 For L =            6 there are           1 radial functions
 For atom           42 max L =            6
 atom          43
 For L =            0 there are          15 radial functions
 For L =            1 there are          14 radial functions
 For L =            2 there are          15 radial functions
 For L =            3 there are          14 radial functions
 For L =            4 there are          13 radial functions
 For L =            5 there are           9 radial functions
 For L =            6 there are           6 radial functions
 For atom           43 max L =            6
 atom          44
 For L =            0 there are          10 radial functions
 For L =            1 there are          10 radial functions
 For L =            2 there are           9 radial functions
 For L =            3 there are           8 radial functions
 For L =            4 there are           4 radial functions
 For L =            5 there are           2 radial functions
 For L =            6 there are           1 radial functions
 For atom           44 max L =            6
 atom          45
 For L =            0 there are          10 radial functions
 For L =            1 there are          10 radial functions
 For L =            2 there are           9 radial functions
 For L =            3 there are           8 radial functions
 For L =            4 there are           4 radial functions
 For L =            5 there are           2 radial functions
 For L =            6 there are           1 radial functions
 For atom           45 max L =            6
 atom          46
 For L =            0 there are          15 radial functions
 For L =            1 there are          14 radial functions
 For L =            2 there are          15 radial functions
 For L =            3 there are          14 radial functions
 For L =            4 there are          13 radial functions
 For L =            5 there are           9 radial functions
 For L =            6 there are           6 radial functions
 For atom           46 max L =            6
 atom          47
 For L =            0 there are          10 radial functions
 For L =            1 there are          10 radial functions
 For L =            2 there are           9 radial functions
 For L =            3 there are           8 radial functions
 For L =            4 there are           4 radial functions
 For L =            5 there are           2 radial functions
 For L =            6 there are           1 radial functions
 For atom           47 max L =            6
 atom          48
 For L =            0 there are          10 radial functions
 For L =            1 there are          10 radial functions
 For L =            2 there are           9 radial functions
 For L =            3 there are           8 radial functions
 For L =            4 there are           4 radial functions
 For L =            5 there are           2 radial functions
 For L =            6 there are           1 radial functions
 For atom           48 max L =            6
 atom          49
 For L =            0 there are          15 radial functions
 For L =            1 there are          14 radial functions
 For L =            2 there are          15 radial functions
 For L =            3 there are          14 radial functions
 For L =            4 there are          13 radial functions
 For L =            5 there are           9 radial functions
 For L =            6 there are           6 radial functions
 For atom           49 max L =            6
 atom          50
 For L =            0 there are          10 radial functions
 For L =            1 there are          10 radial functions
 For L =            2 there are           9 radial functions
 For L =            3 there are           8 radial functions
 For L =            4 there are           4 radial functions
 For L =            5 there are           2 radial functions
 For L =            6 there are           1 radial functions
 For atom           50 max L =            6
 atom          51
 For L =            0 there are          10 radial functions
 For L =            1 there are          10 radial functions
 For L =            2 there are           9 radial functions
 For L =            3 there are           8 radial functions
 For L =            4 there are           4 radial functions
 For L =            5 there are           2 radial functions
 For L =            6 there are           1 radial functions
 For atom           51 max L =            6
 atom          52
 For L =            0 there are          15 radial functions
 For L =            1 there are          14 radial functions
 For L =            2 there are          15 radial functions
 For L =            3 there are          14 radial functions
 For L =            4 there are          13 radial functions
 For L =            5 there are           9 radial functions
 For L =            6 there are           6 radial functions
 For atom           52 max L =            6
 atom          53
 For L =            0 there are          10 radial functions
 For L =            1 there are          10 radial functions
 For L =            2 there are           9 radial functions
 For L =            3 there are           8 radial functions
 For L =            4 there are           4 radial functions
 For L =            5 there are           2 radial functions
 For L =            6 there are           1 radial functions
 For atom           53 max L =            6
 atom          54
 For L =            0 there are          10 radial functions
 For L =            1 there are          10 radial functions
 For L =            2 there are           9 radial functions
 For L =            3 there are           8 radial functions
 For L =            4 there are           4 radial functions
 For L =            5 there are           2 radial functions
 For L =            6 there are           1 radial functions
 For atom           54 max L =            6
