  -3.15281050685533     
   2.39482603716460     
 -0.519012369759223     
   2.31118905512426     
   2.14480977820725     
   1.76565489596167     
  0.841029719869014     
   2.76394225840484     
 -8.879028813550195E-004
  8.744292016594860E-004
  3.531476146964198E-004
  8.613602943716777E-004
  3.899859916107239E-003
  3.683279088351253E-003
 -9.329450948587795E-003
 -3.487034382227689E-003
 -7.951137769795615E-003
  4.659477449705181E-003
  9.514613795117781E-004
  3.618646826803991E-003
  7.334974408237100E-003
  1.609104035076681E-003
  5.436548810419903E-003
 -1.230816731786285E-002
 -3.590911453981120E-003
 -9.016359070928504E-003
  1.574557629804880E-002
  4.069653982432589E-003
 -7.627696988350202E-002
  6.685373341856067E-003
  1.809690194071586E-002
  2.571587861340007E-002
  1.008251275408036E-002
 -2.961820499349718E-002
  1.038985313955645E-002
  2.490339546217474E-002
 -1.358485591688037E-002
 -6.076876728839016E-003
 -2.627284881202800E-004
 -5.248306656968497E-003
 -1.265249616341327E-002
 -1.285443761831260E-002
 -5.752401963049035E-003
  1.870438132353194E-004
 -5.012448552346348E-003
 -1.199290376772807E-002
 -2.168705399520039E-002
 -9.751381372991239E-003
  5.763428929325168E-003
 -8.770531551817121E-003
 -2.012249634210859E-002
  2.717081923603255E-002
  1.237077004454933E-002
 -1.085977550977896E-002
  1.122683501952719E-002
  2.500313563384923E-002
  7.208276705553646E-002
  1.555866281430968E-003
  7.820513982607094E-004
  2.201022809071414E-003
  1.168644706777818E-003
 -1.737213431483743E-003
 -1.046339908849139E-003
 -3.464713271593116E-002
 -6.161519386550861E-004
 -2.472292025849918E-004
 -7.392340316768934E-004
 -7.208964494037868E-004
  8.947988805296125E-004
  5.029981063074807E-004
  2.600992725228502E-002
  3.205460058226088E-004
  6.943295146859403E-005
  2.704034429197216E-004
  6.871522364999197E-004
 -7.375027040824470E-004
 -4.098876375686934E-004
 -2.646763906355414E-004
 -9.988156388846146E-004
 -1.156271356666492E-005
  1.107643075008940E-004
  2.301473338252394E-003
 -1.789284109557427E-004
  6.497661509977809E-005
 -5.580388444562070E-005
  1.992931971995817E-004
  -3.15015488382717     
   2.37963748583770     
 -0.513445218294030     
   2.27487078847172     
   2.08425103473851     
   1.68979091831953     
  0.797629784782414     
   2.61719363573292     
 -1.697752520235882E-003
  2.910480088007871E-004
  1.606184390844522E-003
 -4.820262035577393E-003
  1.776607419835242E-003
  2.215905124237582E-003
  2.196271270818677E-003
 -3.510334655274876E-003
  6.982626483552161E-003
 -6.595649867373439E-004
  1.811210561767630E-003
 -4.123634937659152E-003
 -5.631379118026547E-004
  3.213539693032041E-003
 -6.662818127090555E-003
  6.840372240161602E-004
 -6.291093625066788E-003
  1.115059999848739E-002
 -5.031495952242762E-003
  9.846579174645866E-004
 -7.029518141983655E-002
  5.869614560134431E-003
 -3.962493825523152E-003
 -1.842857230123035E-002
  2.022119799208908E-003
 -2.217927713401642E-002
  1.155076452895572E-002
 -5.635573315382099E-003
  1.094541460378252E-002
 -1.573376362869804E-003
 -3.759763125034601E-003
 -6.802819862302078E-003
  3.428756965627492E-003
  1.019393307618302E-002
 -1.382784523172268E-003
 -2.998732992504991E-003
 -6.378425024303810E-003
  3.455568556824106E-003
  1.731603688982939E-002
 -1.945405535072304E-003
  7.502257828075206E-004
 -1.054452437223496E-002
  6.450572695294438E-003
 -2.217986064089770E-002
  2.232922262333444E-003
 -4.897616104510630E-003
  1.313850308441526E-002
 -8.540993363588215E-003
 -7.005462569822367E-002
  1.378370782813469E-003
  8.369923319258983E-005
  1.613440185310718E-004
  8.004367366129062E-005
  2.394023315299054E-003
 -4.181730117550755E-004
  3.320601387608646E-002
 -6.729240937374938E-004
 -3.818977586902081E-004
  2.712330012611517E-004
 -6.059156066661346E-005
 -1.073400752887466E-003
 -1.006381907482330E-004
 -2.451283848720721E-002
  4.991480972512328E-004
  5.846500717626923E-004
 -4.965679455438262E-004
  1.208985181337712E-004
  7.534598210558420E-004
  3.121618276768613E-004
  3.165377438943711E-004
  1.742278148499430E-004
  2.481777771093871E-005
  1.681755313276894E-004
  2.294069346090268E-003
  1.356913086682927E-004
  4.594370135923879E-005
 -1.013418753943518E-004
 -1.024530520549080E-004
  -3.15196664455630     
   2.38909871366420     
 -0.516860890752712     
   2.29486303351219     
   2.11277488611168     
   1.72137884262954     
  0.814640673422768     
   2.67419506503828     
  1.190485970598173E-004
  1.370175150743852E-003
  2.392914690834616E-003
  3.167445624411617E-003
  3.279833561473491E-003
  4.417312289437827E-003
 -7.658940139453595E-003
 -3.143139210572777E-003
  4.154636272569697E-003
  3.209023101203797E-003
  2.369243730300943E-003
 -2.354342747161058E-003
  4.671144093135494E-003
  3.238760970676934E-003
 -3.856893499095489E-003
 -7.516939732973166E-003
 -4.968807788936675E-003
  6.204174391953076E-003
 -1.765902722830981E-002
  7.380043125694182E-004
 -7.322175486048142E-002
 -7.789532941617596E-003
  1.362867708739823E-002
 -2.462406380676851E-002
  1.066727023882878E-003
 -2.355322590337799E-002
 -1.179632947352726E-002
  2.137897536411525E-002
  1.291438810105976E-002
 -3.287492572546742E-004
 -3.843607406175278E-003
  6.323225985768280E-003
 -1.135516682508222E-002
  1.238271026918354E-002
 -3.836646172841376E-004
 -3.208516281802527E-003
  6.045856558653143E-003
 -1.093131615018413E-002
  2.118039340224352E-002
 -8.771122300924934E-004
 -1.156302226832096E-004
  1.049696751390846E-002
 -1.875727302660161E-002
 -2.661747164626898E-002
  1.211594549710502E-003
 -3.310084191199766E-003
 -1.341663041599145E-002
  2.358502870256268E-002
  7.146672328267700E-002
 -1.009406135069245E-003
  1.199333522264210E-003
 -2.454813287224958E-003
 -1.833458010035604E-004
  1.665309212104070E-003
  3.913475492374810E-003
 -3.403847755101143E-002
  3.719224661524192E-004
 -5.560051917132690E-004
  3.755717878263324E-004
  1.067211605139790E-004
 -6.951264961529115E-004
 -1.154074794176024E-003
  2.527337529854575E-002
 -2.088943445887930E-004
  4.256050454816688E-004
  4.819852955779392E-004
 -6.348223851482123E-005
  4.542134128559732E-004
  3.188283524684281E-004
  1.973904618254668E-004
  1.551463255643972E-003
  3.906460619894586E-005
 -7.935825612418781E-005
  2.279568652211814E-003
  5.045434869596710E-005
  9.129935315771872E-005
  8.549017218437494E-005
  6.363792788628677E-004
  -3.14988979304580     
   2.37863621437964     
 -0.513172554802789     
   2.27655427773885     
   2.09118968682468     
   1.69866887712726     
  0.802394694835665     
   2.63318111357713     
  2.429683760443439E-003
 -1.440719684567232E-003
 -1.342668097999221E-004
  4.444736275854151E-003
 -5.321837134359441E-003
 -1.492631875952304E-003
  4.817223178047543E-003
  7.170833173211068E-003
  4.638123219581010E-003
 -2.940725719618240E-003
 -4.123600805302637E-003
 -2.756710929499437E-003
 -5.654927553924896E-003
 -5.681208262220194E-003
 -4.487526113106115E-003
  1.054979004909348E-002
  8.170781306769664E-003
  7.771921084146722E-003
 -1.289615570920207E-003
 -6.422485310945428E-003
 -6.893263752200338E-002
 -1.682840377698780E-003
  2.312174392203837E-002
 -4.454076220548135E-003
 -1.295086349793115E-002
 -2.360004803527807E-002
 -2.650476998680194E-003
  3.194950841585807E-002
  2.954254046367792E-003
  7.661467604108324E-003
 -2.690723224821300E-003
  1.451384098718081E-003
 -1.638731820028409E-002
  2.982795221375234E-003
  7.257261604266650E-003
 -2.140754759498763E-003
  1.374265243858429E-003
 -1.577221261695936E-002
  5.741903906427088E-003
  1.236133187725126E-002
  2.224690394350535E-003
  2.390164980375735E-003
 -2.744691336235537E-002
 -7.804681419276287E-003
 -1.572547866408649E-002
 -7.021162594825834E-003
 -3.081190219179634E-003
  3.490449304927157E-002
 -6.942861898215014E-002
 -3.050169702396741E-004
 -8.590802915978039E-004
  2.296671680124897E-003
  6.695244343467625E-005
 -1.670555036035305E-003
 -7.390173561098871E-004
  3.389046852525422E-002
  2.543850941002994E-004
  2.390900924238292E-004
 -1.981731295540856E-004
 -1.826828981511606E-005
  7.023817187008629E-004
  3.342862810734817E-004
 -2.569466761901875E-002
 -2.936028534784697E-004
 -7.514126921317994E-005
 -6.835848855307230E-004
  2.250759595777133E-005
 -4.557930451788204E-004
 -2.421602648792599E-004
  3.516364050322812E-004
  1.390463263037202E-003
  2.536033585610169E-005
 -9.423638999529838E-005
  2.271730609097567E-003
  3.168467636850930E-005
  2.002600116705399E-005
  1.399460752608210E-004
  9.216731449871331E-004
  -3.14980282341679     
   2.37810179200803     
 -0.512927494448307     
   2.26959303539679     
   2.07206661409711     
   1.67178912519379     
  0.786614188718568     
   2.57960810474118     
  1.194452215674358E-003
  8.510514433145270E-004
  1.578644755478858E-003
  1.395744720776689E-002
  2.639656208479055E-003
  2.608924076721753E-003
 -3.387717223369807E-002
 -2.043967742695360E-003
  5.661525979618698E-003
  1.689754723086434E-002
  9.700095935112916E-004
 -3.655360815573468E-003
  2.562858541896925E-002
  1.504650005979648E-003
 -6.292076132496557E-003
 -4.232625213543020E-002
 -2.917110721356547E-003
  1.102420699341968E-002
 -1.409217570597522E-003
 -7.024301144476696E-003
 -7.376049272024998E-002
  3.942398557552528E-003
 -7.392663418686133E-004
  4.929715264166730E-003
 -1.325309144600014E-002
 -2.529862859217367E-002
  4.013900284320327E-003
 -1.407396603113270E-002
 -3.489658590362771E-003
  7.018606689308603E-003
 -3.113767859076308E-003
 -1.365463811874768E-003
  9.235013410963291E-003
 -3.166112462910323E-003
  6.791386065097134E-003
 -2.630624221703101E-003
 -1.365428475167600E-003
  8.651413578556925E-003
 -5.086968597997819E-003
  1.218943081189548E-002
  5.668390550151541E-004
 -2.674356643219081E-003
  1.519963538910029E-002
  6.342981443779078E-003
 -1.586801280859571E-002
 -3.948650614871397E-003
  3.546433590154644E-003
 -2.003620398453122E-002
  7.236420913744582E-002
  2.323762945031646E-003
  2.117700062278129E-004
  2.442761429023599E-005
  3.900803349096304E-004
 -2.090824524323039E-003
 -2.590012350347316E-003
 -3.467679550869116E-002
 -1.023841520360888E-003
 -4.004016698541782E-004
 -1.233012019150395E-004
 -4.800203811034486E-004
  8.449019592912892E-004
  1.150251856035300E-003
  2.593527655864384E-002
  6.574522328907299E-004
  4.827643014520385E-004
  2.137779491491171E-004
  6.470707264213877E-004
 -4.854207950077412E-004
 -8.181565844218330E-004
 -1.454682089580627E-004
  4.018046547953380E-005
  1.342682631472068E-005
  1.877804923139869E-004
  2.337169037557337E-003
 -2.523181932724139E-004
 -6.460928934188460E-006
  8.914038623826136E-005
 -6.406690890179252E-004
  -3.15028127200742     
   2.38013132698040     
 -0.513565826641676     
   2.27292401532719     
   2.07644836999611     
   1.67781796992558     
  0.790563055306861     
   2.59315887602199     
 -5.102258897483963E-004
  4.131043853357008E-005
  6.407744558940132E-004
 -5.102818664311055E-003
 -7.983969729289426E-004
  1.928766617918993E-003
  1.178053608309113E-002
  2.652953769165323E-003
 -1.919996840568572E-003
 -5.627265111866295E-003
 -1.439340392370081E-003
  9.990392461834332E-004
 -8.409992730958779E-003
 -1.939733451537166E-003
  1.201984790849441E-003
  1.384825799812222E-002
  2.465882214154795E-003
 -1.659936981542878E-003
  1.230139083020145E-002
  5.598476880789956E-003
 -7.012489422580552E-002
 -5.378909277177360E-003
  2.783972724752206E-005
  2.080040422884556E-002
  9.978045936483918E-003
 -2.098880741971786E-002
 -1.063456414633541E-002
 -6.823907880187704E-003
 -1.069008721438850E-002
 -5.110251202591449E-003
 -4.648091512365097E-003
  5.889370935868799E-003
  4.911914156658974E-003
 -9.946606455325531E-003
 -4.956283859004078E-003
 -3.825660720419779E-003
  5.709385303964867E-003
  4.653770454567122E-003
 -1.641603592635323E-002
 -8.953861674330647E-003
 -7.724608287951460E-004
  1.026030610555776E-002
  8.374090367586191E-003
  2.032009632310793E-002
  1.166735277353074E-002
 -2.762255078585554E-003
 -1.340117210038246E-002
 -1.122913767167556E-002
 -7.118357006990667E-002
  5.100536847208858E-004
 -4.926954167456975E-004
  4.719238719186350E-004
  2.607373221778296E-006
 -2.006346694650251E-003
  3.059971856274534E-003
  3.362422617871380E-002
 -1.283070270529460E-004
  1.677295276874325E-004
  5.979785290151301E-005
 -2.123603913544763E-004
  8.566221967218651E-004
 -1.028992427749120E-003
 -2.481246865741381E-002
 -4.380324128568082E-006
 -6.228811650323163E-005
 -2.815225936955045E-004
  2.961731643296555E-004
 -5.521057491726093E-004
  4.400440612833623E-004
 -5.823083889820822E-004
  3.462352894543946E-004
 -1.093453528303557E-004
 -2.180722755978996E-004
  2.317195173997575E-003
  9.189438395498506E-005
  4.484507879421577E-005
 -6.541322382950282E-005
 -3.820998289100213E-008
  -3.14884914279214     
   2.37309252897167     
 -0.511174744405940     
   2.26272825015238     
   2.06640976219306     
   1.66554867281722     
  0.782781422926469     
   2.56657453661604     
  2.848083840948934E-003
  1.151387413390101E-003
  1.160161894650496E-003
  1.038370664364035E-002
  4.692853812972380E-003
  9.160910382917026E-003
 -1.149748116185201E-002
 -6.056535221104057E-003
 -1.851862824042494E-002
  5.848930713011793E-003
  2.987209434992355E-003
  8.872540493040515E-003
  9.029394200101419E-003
  4.633952510611634E-003
  1.330049982051159E-002
 -1.557910544615598E-002
 -8.215580251183940E-003
 -2.187633069864898E-002
  7.636198610180197E-003
 -5.405299850136622E-003
 -7.070623068463720E-002
 -5.376339498613136E-004
 -1.297378247203311E-002
  8.254637135168582E-003
 -1.057502744389059E-002
 -2.401992577906138E-002
  8.696334979163744E-004
 -2.070769189024071E-002
 -3.749621507183661E-003
  6.186569985124338E-003
 -3.364253472248459E-003
 -6.123945002510616E-004
  1.163272477480843E-002
 -3.636848532200261E-003
  5.837569979012555E-003
 -2.990323297941207E-003
 -5.634349370420315E-004
  1.110316219465174E-002
 -6.288511569562354E-003
  9.688206017522686E-003
  1.020480604208705E-004
 -8.479003070129472E-004
  1.900466539615095E-002
  7.868862728505356E-003
 -1.204699212327732E-002
 -3.731554785617864E-003
  9.721524748525074E-004
 -2.404489808184696E-002
  7.164034514347262E-002
 -3.890883282282245E-004
 -8.319713069213327E-004
  6.206510902401776E-005
  8.839843122066245E-005
  9.817790754040516E-004
  1.551479631829257E-003
 -3.562387195449615E-002
  1.901938598307254E-004
  6.683628925068230E-004
 -1.760993671056811E-004
  1.049293895941592E-004
 -5.187345467075602E-004
 -3.606392917283284E-004
  2.750834795570821E-002
 -1.546183152680115E-004
 -7.612644037409372E-004
  2.889148622372524E-004
 -2.542267664852333E-004
  4.003666370804962E-004
 -7.384064651171756E-006
  1.947880527529356E-005
  1.211657741177715E-004
 -3.448540708853555E-005
 -1.158524228739449E-004
  2.406203205575505E-003
  3.378088324571386E-005
  1.913979435274824E-005
  9.743869956184369E-005
 -3.324384840767938E-004
  -3.14977839853298     
   2.37863600359000     
 -0.513106374803770     
   2.27404230999810     
   2.09011620807529     
   1.70807407201512     
  0.811435560061990     
   2.66544646004343     
 -2.521903029248868E-004
 -6.138356968995609E-004
 -2.370973169304661E-004
 -8.562713116691178E-004
 -1.307523200345055E-003
 -1.465092583111623E-003
  1.172424254833948E-003
  6.603945141816944E-005
  1.162079702549656E-003
 -2.118315519781137E-004
 -1.558124911276316E-004
 -3.184135348023277E-004
 -1.834534294795385E-004
  4.703267412598514E-004
 -9.422731835416177E-004
  3.039884162563721E-004
 -2.068834425884629E-003
  2.306710957461952E-003
  2.114637247465067E-002
  4.257443652878839E-003
 -7.329385521011435E-002
 -8.409884561937392E-003
  3.568207010003291E-003
  3.922316589721889E-002
  5.671062357140095E-003
 -2.856573389208638E-002
 -1.289154998694527E-002
  3.989729391836150E-003
 -2.091064017461515E-002
 -3.116409497203959E-003
 -2.136314099547179E-004
  6.847423416872465E-003
 -1.984845397192591E-003
 -1.977211765479867E-002
 -2.898608925805804E-003
  4.404808227217087E-004
  6.612551237258456E-003
 -2.077611162238160E-003
 -3.360142186550631E-002
 -4.748369436596644E-003
  6.318218547626067E-003
  1.179523870507129E-002
 -3.828483723508289E-003
  4.236575064161267E-002
  5.886230628625504E-003
 -1.147847888555021E-002
 -1.532271339237685E-002
  4.878669759628796E-003
 -7.037993538934305E-002
  1.554604744062748E-003
 -8.133368219151215E-004
  1.461890516778321E-003
 -6.801715834125538E-004
  1.271191925391447E-004
 -1.319322238016710E-003
  3.292886932401267E-002
 -5.766747585507413E-004
  2.113833237757455E-004
 -2.411782795632610E-004
  2.570094878813217E-004
 -5.792741243553461E-005
  4.764094888385001E-004
 -2.402890021758132E-002
  2.850458366241177E-004
 -1.482546197177665E-005
 -1.892936797620290E-004
 -2.149856516377241E-004
  1.593696554657916E-005
 -2.518763066612961E-004
 -1.102864780139335E-003
  7.759565572214716E-004
 -1.162771025450627E-004
  3.840904911990640E-005
  2.271048195691158E-003
  1.382755331325159E-004
  1.189543888943565E-004
  1.505273561422104E-005
  3.109196183845527E-004
  -3.15060866846894     
   2.38255506105186     
 -0.514544717654252     
   2.28264811640442     
   2.09784654348336     
   1.70620643481164     
  0.806626307154182     
   2.64745197216156     
  5.043656020526869E-004
  1.790234455571150E-003
 -2.708270967005196E-003
  9.075852437242003E-005
  5.534919457666901E-003
 -4.341955505590471E-003
  2.311033022140343E-003
 -6.128935780148691E-003
 -6.980724610951392E-003
 -1.252235884465657E-003
  3.622305152443051E-003
  3.756194835386888E-003
 -2.034942451198014E-003
  5.112517080544476E-003
  6.608953725064411E-003
  3.349337979012667E-003
 -8.122368841140528E-003
 -1.171629045192821E-002
  2.607323727953978E-002
  2.129625245306887E-003
 -7.370966189562800E-002
  4.002384956044790E-003
  6.805780858659761E-003
  3.449274290652011E-002
  4.420312232463100E-003
 -2.647770815740522E-002
  7.910803525650885E-003
  1.321177323570585E-002
 -1.718976647141887E-002
 -2.454019380150209E-003
 -2.409662214914467E-003
 -4.735636699412611E-003
 -6.991194140681806E-003
 -1.656231843393785E-002
 -2.388684108839786E-003
 -2.009908351798166E-003
 -4.492939744573216E-003
 -6.384643394970623E-003
 -2.855160040414250E-002
 -4.211040055368663E-003
  1.476547407625647E-003
 -7.546350759990982E-003
 -1.013897035185294E-002
  3.591128909528937E-002
  5.390679879471704E-003
 -5.000213028988903E-003
  9.475316875688892E-003
  1.230273629588864E-002
  7.154099188168528E-002
 -1.230470296757569E-003
  9.435629045451677E-004
 -1.968163108141118E-003
  1.638743580180025E-003
  3.099476601620732E-004
 -1.195213542693947E-003
 -3.458920201146058E-002
  7.711937454451052E-004
 -3.087755402828699E-004
  1.553559181894621E-004
 -7.546518321952321E-004
  3.759089576986253E-005
  1.162439764234701E-004
  2.603354512375538E-002
 -7.111522336929620E-004
  1.455220836377720E-004
  6.347951519443021E-004
  5.935626331583322E-004
 -1.964045287564678E-004
  2.886312399702828E-004
 -1.130634502271999E-003
  1.366186045833758E-003
 -4.699785620049451E-005
 -3.522679607528947E-006
  2.307955225828061E-003
  1.418559875852264E-004
  1.155718133812391E-004
 -1.156152219636852E-004
 -1.422234276014800E-004
  -3.14946828598399     
   2.37626417527691     
 -0.512332783841696     
   2.27063722332818     
   2.08143260065630     
   1.68733179683266     
  0.796179065593743     
   2.61230071144873     
 -1.642488005122813E-003
 -1.688822133423102E-003
 -3.381713642475824E-006
 -7.487423893331675E-003
 -6.176936944462653E-003
 -6.362505856923918E-003
  1.123772954846197E-002
  6.918666334684381E-003
  2.062092530187676E-002
 -5.241793145789877E-003
 -3.567979035432357E-003
 -1.050337845839293E-002
 -7.504849464341334E-003
 -4.719836690607023E-003
 -1.623091908330763E-002
  1.209546084849114E-002
  6.613024886666286E-003
  2.714179465233783E-002
  3.906103582911590E-003
  1.157966928087927E-003
 -6.895623027050020E-002
  4.264193720371632E-003
  1.611018776377895E-003
 -3.385871055052967E-003
  2.380486045718098E-003
 -2.284822009749704E-002
  8.011197060650043E-003
  2.491059771495377E-003
  2.721260753844001E-003
 -1.510810002399702E-003
 -3.163297327793807E-003
 -4.544778770411001E-003
 -1.369604086691781E-003
  2.210657248116791E-003
 -1.495021456531889E-003
 -2.564383056326862E-003
 -4.395384167030387E-003
 -1.220927438873348E-003
  3.431441548566224E-003
 -2.606360074921388E-003
  1.500691210112765E-003
 -7.677999319411804E-003
 -1.776408380815545E-003
 -4.576065510485929E-003
  3.298212542880426E-003
 -6.072913027015944E-003
  9.807321620290665E-003
  2.044084585000843E-003
 -6.926913368359863E-002
 -6.087412783063553E-005
 -4.030363920964738E-004
  1.510519062589903E-003
 -5.296824882870547E-004
 -9.866890849081426E-005
  6.621732336280125E-003
  3.369908385061857E-002
 -2.292700262547214E-004
  2.221019112982996E-004
  1.940375143612248E-005
  1.851972578202740E-004
 -2.478075446937817E-006
 -2.450986271237924E-003
 -2.546908005957366E-002
  3.676821868644437E-004
 -1.631985501232071E-004
 -6.806904166000701E-004
 -2.327524885582953E-005
  2.597862035565102E-005
  1.328406099979895E-003
  1.143609823762102E-004
  9.830325970890655E-004
  9.980132160009862E-005
  6.224084341906162E-005
  2.293782763747516E-003
  8.507001218981721E-006
  1.109816974226738E-004
 -1.780311726889206E-004
 -5.223211622507307E-004
  -3.15081704308825     
   2.38305596286135     
 -0.514674172436026     
   2.27977205931663     
   2.08826735041139     
   1.69351882388193     
  0.799668832188358     
   2.62402811997480     
 -2.547975861411830E-003
  5.147777162284754E-004
  3.255200272845770E-003
  4.240019491073462E-004
  1.766292885410717E-004
  1.786929745912385E-002
 -1.979741451555127E-002
  6.379424728766370E-004
 -2.908735876098704E-002
  1.009047251407296E-002
  3.496034233225371E-004
  1.377812184687314E-002
  1.605779515742136E-002
  4.433674926040918E-004
  2.026964956820568E-002
 -2.700208136193800E-002
 -7.255783639269241E-004
 -3.305831730427325E-002
 -7.076366224345369E-003
  4.339736639360384E-003
 -7.305544102655337E-002
 -9.060775961733793E-003
  2.148277565581906E-002
 -1.471484470501369E-002
  4.801845750645095E-003
 -2.480741070537168E-002
 -1.529105288940186E-002
  2.052893693308818E-002
  8.102056164077515E-003
 -2.523894185038985E-003
 -3.248216479430078E-003
  8.281312312202903E-003
 -9.085223458994776E-003
  7.650488130103159E-003
 -2.383779799691242E-003
 -2.632608898937516E-003
  7.939610298456683E-003
 -9.094008238678839E-003
  1.305639599332362E-002
 -4.069261965979315E-003
  6.184440369317670E-004
  1.397940120505747E-002
 -1.592409822324893E-002
 -1.654738253877097E-002
  5.179918959054741E-003
 -3.912272279189490E-003
 -1.806111137933793E-002
  1.972277649141809E-002
  7.205320678588516E-002
 -8.505036752014163E-004
  1.380897651609431E-003
 -1.929507546751147E-003
 -6.333784592894118E-004
  3.251677179494783E-004
  2.379305839676515E-003
 -3.413552644106434E-002
  2.597226838817876E-004
 -6.146908111945098E-004
  4.415766798491879E-004
  3.022703148556961E-004
 -1.188092206901709E-004
 -5.741160532541802E-004
  2.526642916409171E-002
 -5.810093858644441E-005
  4.114002907899844E-004
  1.303120537335912E-004
 -3.239251996361622E-004
  8.174644453578898E-005
  5.788521551139233E-005
  6.272671868926286E-004
  1.011250213902930E-003
 -2.624834737484753E-005
  2.538317625883071E-005
  2.271454346653084E-003
  8.649323044143163E-005
 -4.325614320336606E-007
  2.478182332855828E-006
  9.739530016928717E-004
  -3.15029179396813     
   2.38132745786419     
 -0.514129007474860     
   2.28054870008986     
   2.10115097473316     
   1.72197208409401     
  0.819267242896504     
   2.69190197183112     
  6.673925376266709E-004
 -6.920312216741905E-004
  3.675844508457683E-003
 -9.017011939471541E-003
 -3.261878464360601E-003
  9.022961509687771E-003
  2.954481479588437E-002
  3.880722376212297E-003
  1.813997327696756E-003
 -1.431920361023888E-002
 -1.630833634031668E-003
 -2.013384781940090E-003
 -2.262106799698743E-002
 -2.039085803169991E-003
 -4.264471393661458E-003
  3.841453368567802E-002
  2.602045668999566E-003
  7.975074402785918E-003
  1.715921659018521E-002
 -6.308111555242374E-003
 -7.599328656740394E-002
 -2.257004696673941E-003
  3.498080031768484E-002
  1.943471002062055E-002
 -1.199855237213925E-002
 -3.190418952447022E-002
 -4.005061954271753E-003
  4.891476991527857E-002
 -9.324477838084946E-003
  7.003913424677776E-003
  1.195701731762130E-003
  2.466997425670514E-003
 -2.466312851326663E-002
 -8.974565627150306E-003
  6.645739946023706E-003
  1.688738187155269E-003
  2.334135258911824E-003
 -2.393024998338017E-002
 -1.517749288277476E-002
  1.133812303767189E-002
  8.129789090665687E-003
  3.948774598482501E-003
 -4.155906252771094E-002
  1.872737242719756E-002
 -1.442281780810593E-002
 -1.349392441559132E-002
 -5.014443335478108E-003
  5.243399104135432E-002
 -7.080207930215783E-002
 -3.364205524171066E-004
 -1.889964221189323E-003
 -9.859064511966449E-005
 -6.231008313979954E-004
 -8.046049293579942E-004
  2.281423461930433E-003
  3.344013311728278E-002
  2.239646960319448E-004
  9.291697905916257E-004
  1.494681470594003E-004
  4.831782263930357E-004
  4.543655495818499E-004
 -1.414485923775495E-003
 -2.465031598812172E-002
 -1.987550645730865E-004
 -7.617947421160842E-004
 -1.666430163680341E-004
 -5.332031325509414E-004
 -4.074497627061067E-004
  1.315866034474912E-003
 -1.780763585101180E-004
  5.292557414411662E-005
 -3.092512386511918E-005
 -1.105486945319743E-004
  2.270717586855893E-003
 -4.456545017718715E-005
 -9.966778463743729E-005
  1.385156553021789E-004
  1.963678671548946E-003
  -3.15097348791940     
   2.38380044142791     
 -0.515045615593017     
   2.28477565618987     
   2.09910545393209     
   1.70578518453297     
  0.805939091288078     
   2.64493214147583     
 -2.450991192479970E-003
 -1.076682607714419E-003
  1.817811202622715E-003
  3.672080024670745E-004
 -5.411385630050218E-003
  7.935895617017514E-003
 -2.117300688504438E-002
  6.823153449036575E-003
 -1.107336560962115E-002
  1.124007824658410E-002
 -2.940639483173765E-003
  5.516155375903110E-003
  1.801540820870496E-002
 -4.344009126173841E-003
  8.334967241602343E-003
 -3.053636529460806E-002
  7.018904893729710E-003
 -1.398867069511753E-002
 -1.740529564684471E-002
  2.863878751475191E-003
 -7.234676355085871E-002
 -7.003429788718348E-003
  3.135907247583019E-002
 -3.025333509863982E-002
  4.823458556300986E-003
 -2.453318266861899E-002
 -1.321622354663087E-002
  3.619055096710447E-002
  1.594751956115418E-002
 -2.378065409393614E-003
 -3.117285493916567E-003
  7.190487004299861E-003
 -1.782428663382521E-002
  1.483764632758719E-002
 -2.329016238633120E-003
 -2.620540718679331E-003
  6.946084400275303E-003
 -1.735299417832807E-002
  2.489995218377508E-002
 -4.424729561522591E-003
  8.324980010572759E-004
  1.234251762563607E-002
 -3.009057107135208E-002
 -3.137516186601751E-002
  5.961571969406842E-003
 -4.604555008584157E-003
 -1.597630321641423E-002
  3.781511017458969E-002
  7.143354867239245E-002
 -1.055220239253402E-003
  1.544039834077252E-003
 -3.055808085578230E-004
 -2.964679871254469E-004
  1.462032780769267E-003
 -6.600266166486829E-003
 -3.479544372940688E-002
  3.598802947920176E-004
 -7.601061704495862E-004
  1.351716634225048E-005
 -2.375785638547221E-005
 -6.281271745214914E-004
  3.274274860717900E-003
  2.640783127964292E-002
 -1.397937671495325E-004
  5.471459420705041E-004
  1.540261506682631E-004
  1.417775360716623E-004
  3.835909265233443E-004
 -2.608025615896325E-003
  5.347899286375087E-004
  3.370586278649606E-004
  5.362484231205011E-005
 -1.666542245215222E-004
  2.330745078400989E-003
  1.123655723409638E-004
  1.129829952266475E-004
 -3.612684216325377E-005
  2.983494091921286E-004
  -3.15062269007400     
   2.38178494601348     
 -0.514214877684475     
   2.27761297235869     
   2.08536318066256     
   1.68967059719961     
  0.797399424045836     
   2.61631345092373     
  4.431513407202510E-004
 -6.986028228670501E-004
  1.465449455748789E-003
 -5.467337145408273E-003
 -4.254985200995991E-003
  4.019529679046877E-003
  1.910118424629026E-002
  5.442197472609194E-003
  1.585511751161371E-004
 -9.197107180350148E-003
 -2.031466775510359E-003
 -6.543939944295788E-004
 -1.404091038877231E-002
 -2.903911563419601E-003
 -1.932028442954644E-003
  2.315512096614029E-002
  4.554007519807115E-003
  4.289935523992682E-003
  1.216593987937286E-002
 -3.902277150028820E-003
 -7.135741793533043E-002
  2.253107991500023E-003
  3.074155399881133E-002
  1.662438186449082E-002
 -8.692281044321756E-003
 -2.251944098715816E-002
 -1.854733687182048E-004
  4.487754641643904E-002
 -8.094776790786911E-003
  4.829313479489204E-003
 -3.800078835808366E-003
  1.119961325575023E-003
 -2.361068890975650E-002
 -7.743853415807214E-003
  4.649979832672005E-003
 -2.999202002811165E-003
  9.922137647485258E-004
 -2.258969102955059E-002
 -1.332799264291491E-002
  8.184768076201167E-003
  7.161867877181192E-004
  1.339633534482721E-003
 -3.834082559184625E-002
  1.678196612359212E-002
 -1.053071700039495E-002
 -4.735561969626011E-003
 -1.546832907562526E-003
  4.793586420758721E-002
 -7.066607230556503E-002
 -3.151851724199418E-003
 -1.412278093259318E-003
 -1.226123875898709E-003
 -6.166319834680231E-004
  4.227416179748342E-004
 -3.881071231575756E-003
  3.337189998738355E-002
  1.482972070539582E-003
  7.623050350887930E-004
  3.904300078052538E-004
  1.599891612607470E-004
 -5.785427833059916E-005
  1.118019137788336E-003
 -2.457098825759717E-002
 -1.062138885624252E-003
 -6.465095481807611E-004
 -7.568780521006186E-005
 -5.736937516844938E-005
 -8.557610142160394E-005
 -3.208396920622509E-004
 -5.960129648561846E-004
 -6.896313549788126E-004
 -4.118179344778436E-005
  7.666678465696657E-005
  2.271508596407949E-003
 -2.947965380680589E-004
  3.818781860790190E-005
  1.132511362385779E-004
  3.590960005022612E-004
  -3.15303465286541     
   2.39554959066924     
 -0.519271525329436     
   2.31377187926492     
   2.14800538855738     
   1.76481953459106     
  0.838681904645981     
   2.75519437042037     
  9.674119755449817E-005
  1.128296621233465E-003
 -3.695703947933286E-003
  7.415415328705594E-004
  3.462172022975485E-003
 -3.405253686546431E-003
 -3.385695588757676E-003
 -4.255300962524979E-003
 -1.903218325159036E-002
  1.828651296852580E-003
  2.587237930717573E-003
  1.050248087640306E-002
  2.945166865435450E-003
  3.864513080636768E-003
  1.725993450618979E-002
 -5.148727876069205E-003
 -6.540879939228535E-003
 -2.949658423756886E-002
  2.663062683032064E-002
 -2.942907470391733E-003
 -7.285398311482087E-002
  4.041851284209946E-003
 -2.601062445898270E-003
  2.866648137284295E-002
 -7.386426649422735E-003
 -2.548167399017208E-002
  2.824950350371963E-003
 -9.528461649452782E-003
 -1.401274174174376E-002
  4.850672299859783E-003
 -2.632980921775534E-003
 -8.660329998673208E-004
  5.692780032716079E-003
 -1.383442869137348E-002
  4.491010476002174E-003
 -2.197851385545334E-003
 -9.006084155627445E-004
  5.283653776291070E-003
 -2.440998499039936E-002
  7.196315930952913E-003
  1.620089375974794E-003
 -1.792910438230856E-003
  8.816503894740346E-003
  3.088057789622813E-002
 -8.859379675755747E-003
 -5.753912830948425E-003
  2.363540580125041E-003
 -1.112396440072833E-002
  7.106672565737331E-002
  2.194542670942804E-003
 -2.201718166283714E-004
 -1.259652849753564E-003
  1.590783528006006E-003
  2.915029173135937E-003
  2.242387068808829E-003
 -3.465792879254923E-002
 -1.003254975110552E-003
  4.948614652081304E-004
  1.700527664028751E-004
 -9.242844334278797E-004
 -1.293798972228618E-003
 -7.473461135618150E-004
  2.631596911754749E-002
  7.252503176329839E-004
 -7.162498036012298E-004
  2.899656327375910E-004
  8.076715468088151E-004
  8.802085811415374E-004
  3.337350844102315E-004
 -5.043785856682324E-004
  8.456780195833977E-004
  6.072113535618520E-005
 -2.386092247672491E-004
  2.311207726791464E-003
 -1.222842167936859E-004
  1.028720931494959E-004
  9.335316524912455E-005
 -1.663009097680060E-004
  -3.15186816479139     
   2.38908010224462     
 -0.517069326651100     
   2.29954594595066     
   2.13171247374306     
   1.75852713094590     
  0.839746045724994     
   2.76095372195078     
  6.446778246371776E-004
 -7.954827917044864E-004
  1.580405681913020E-004
 -9.098936042123610E-003
 -2.925255706641088E-003
 -2.441733458547592E-003
  3.530637580887256E-002
  5.484685165946750E-003
  8.640903086121575E-003
 -1.845085981764629E-002
 -3.583019445780321E-003
 -4.140982330736063E-003
 -2.878095129767140E-002
 -4.862592753927030E-003
 -6.421957891356931E-003
  4.828453774191583E-002
  6.640213919743935E-003
  1.082133145290283E-002
  1.192226892574736E-002
  5.182180902759087E-003
 -7.641457407553370E-002
 -2.905472141031869E-003
  6.906958059215943E-004
  1.705457752880256E-002
  8.155768790964303E-003
 -3.106701813553263E-002
 -6.703993563068498E-003
 -1.811742621070520E-002
 -8.956263051925779E-003
 -4.511054621883549E-003
  1.206525510460745E-003
  3.801917682549353E-003
  1.186716295571453E-002
 -8.635233897454990E-003
 -4.431696038983519E-003
  1.731735516725831E-003
  3.628021362159976E-003
  1.084897477093284E-002
 -1.484656211388917E-002
 -7.912994377810779E-003
  8.579883913905776E-003
  6.292835400907030E-003
  1.827523379541455E-002
  1.871057748279877E-002
  1.019834454681773E-002
 -1.455434508473747E-002
 -8.059975567058477E-003
 -2.362008129545750E-002
 -6.959877519834089E-002
  2.620744757163568E-004
 -5.213171172818752E-004
  2.760519563265531E-003
 -1.187953274140410E-003
 -1.148396021255619E-003
  6.176723950160926E-004
  3.263861989428433E-002
 -7.478819274091497E-005
  3.252230558322452E-004
 -4.451383011539578E-004
  6.442780003035469E-004
  2.806584858658410E-004
 -5.545284528371127E-004
 -2.389591107788299E-002
  8.678668975560017E-006
 -1.961578364773967E-004
 -4.639358076749458E-004
 -5.694479577796252E-004
 -5.084520627650997E-005
  6.461933123155294E-004
 -2.425487464242443E-004
  1.714928474733701E-003
  3.997477447988885E-005
  1.528317788702204E-005
  2.207975329138962E-003
  3.354523222565000E-005
  1.148212756227573E-004
 -1.964650813427999E-005
 -7.098429312906388E-004
  -3.14771309849436     
   2.36630504324159     
 -0.508742974358131     
   2.24446434463814     
   2.03086516907003     
   1.61613492264353     
  0.753203767580812     
   2.46593884018316     
 -3.075076118638157E-003
  9.944330366469640E-004
 -3.498433812846810E-003
  1.259624064435781E-003
  3.682062678645257E-003
 -1.154018020143297E-002
 -2.598372076350396E-002
 -4.335134696918712E-003
  7.376695248922547E-003
  1.332940572410721E-002
  2.256777896461008E-003
 -2.951513410722687E-003
  2.165350861623727E-002
  3.566656067196602E-003
 -3.713170080727257E-003
 -3.717093887930431E-002
 -6.437442528859728E-003
  5.653660427930937E-003
  1.283259295313118E-002
  5.086200908343524E-003
 -7.019193443555083E-002
  1.730177209421359E-003
  4.687850338876937E-002
  1.379300308240957E-002
  1.120699394450929E-002
 -2.433757765157581E-002
  4.883800887219206E-003
  6.002294130345855E-002
 -6.236570633037735E-003
 -7.306367126090694E-003
 -3.456402973454296E-003
 -3.200164749567904E-003
 -2.978937503336423E-002
 -5.864600477640719E-003
 -6.945795345729678E-003
 -3.142286997188007E-003
 -2.973152852279062E-003
 -2.890288004613095E-002
 -9.822574024084135E-003
 -1.160633543333917E-002
 -2.483457749919334E-004
 -4.751118422502672E-003
 -5.025385308422100E-002
  1.215359241980839E-002
  1.458148989086407E-002
 -3.265038290246301E-003
  5.810705509825355E-003
  6.338978230781993E-002
  7.200534536949803E-002
 -1.111238333162271E-003
  2.565067039868070E-003
 -4.886132070254747E-004
  1.649929719566098E-003
 -4.314810461670893E-003
 -2.179159356846877E-003
 -3.637612311230816E-002
  5.995371276818976E-004
 -1.280148353011095E-003
  3.330697327580000E-005
 -1.011665569491999E-003
  2.167235620840733E-003
  1.665525519950663E-003
  2.848857598113432E-002
 -4.698546730865663E-004
  1.040809345146983E-003
  1.706918319903253E-004
  1.009956891059048E-003
 -1.687150985924780E-003
 -1.717117656854108E-003
 -2.720798597949515E-004
  2.795703339084155E-004
  1.205778503820167E-005
  3.895885590474462E-004
  2.360828063719745E-003
  1.176520506384541E-004
 -1.987456126870679E-005
 -1.199113701570064E-004
  1.870100544994910E-003
  -3.15218173325403     
   2.39098520872453     
 -0.517613180176394     
   2.30297390304864     
   2.13692182914212     
   1.76400648172099     
  0.842334591345703     
   2.76949418134520     
  9.599618450112916E-004
 -1.067897523472005E-003
 -2.569014463280975E-003
 -8.915240463742700E-003
 -5.611500737333555E-003
 -4.459469804808210E-003
  3.469670891919706E-002
  6.087990903481219E-003
 -4.735591461252610E-003
 -1.719358319936894E-002
 -2.098429769658433E-003
  2.692346176709714E-003
 -2.651992256204765E-002
 -2.992713630630934E-003
  5.024633291740060E-003
  4.420670878544441E-002
  4.836928886251789E-003
 -9.077246019422627E-003
 -2.484966912109613E-002
 -2.120784615158405E-003
 -7.232031785238612E-002
  7.244423210519337E-003
  2.302574787959981E-002
 -3.865157794774624E-002
  1.182224199013164E-003
 -2.671759047475807E-002
  1.263338594360539E-002
  2.188106724851477E-002
  2.071458092798667E-002
 -1.327009990652770E-003
 -1.293780145447915E-003
 -6.945363256424837E-003
 -1.041132642561608E-002
  2.004062725726383E-002
 -1.230776435520451E-003
 -6.126334458684806E-004
 -6.638914501833996E-003
 -1.067209134153461E-002
  3.486078250983370E-002
 -1.941386352803730E-003
  4.426478198028984E-003
 -1.151025565503294E-002
 -1.900831859938813E-002
 -4.426299518724298E-002
  2.395645474239592E-003
 -9.057758842541126E-003
  1.471532860886392E-002
  2.369103745314788E-002
 -6.967189631789110E-002
 -4.637363582000358E-004
 -2.108541128006256E-003
 -1.779104984672824E-003
  6.163895633136085E-004
  2.383164183897221E-003
 -2.690426487751837E-003
  3.271018147373564E-002
  4.179102691305830E-005
  1.227201890735772E-003
  5.525042692261212E-004
 -4.512894789259805E-004
 -1.037790301670324E-003
 -2.777386646839154E-004
 -2.398403151950820E-002
  1.072132441207288E-004
 -1.042779451605250E-003
 -1.034337868699297E-004
  5.143379496511736E-004
  7.044306562606768E-004
  1.357161183307299E-003
  9.614226876453295E-004
 -8.892762501462574E-004
  1.421033597934841E-004
  1.341317393739086E-004
  2.184911541647740E-003
 -2.801136586766735E-005
  1.848770534147851E-004
 -1.788421436507452E-004
  5.180226156313058E-004
  -3.14935815869128     
   2.37632241034918     
 -0.512302687068819     
   2.27091838267652     
   2.08174407559468     
   1.68623982672308     
  0.794949914390377     
   2.60788051981178     
 -1.145460924504860E-003
  1.249896002155205E-005
  1.343404649923636E-003
 -8.087476764338467E-003
  4.169406245333362E-004
  1.615301294747582E-004
  1.486691789317503E-002
 -3.220317279851597E-004
  1.040449608973281E-002
 -6.916505534873027E-003
 -2.887584270847182E-005
 -5.599600765220433E-003
 -1.071864874962441E-002
 -2.476704490806384E-004
 -8.449482137493362E-003
  1.826991249339475E-002
  9.200285425707441E-004
  1.338889168966020E-002
  1.073122608182522E-002
  5.060995401842138E-003
 -7.011532451230877E-002
 -2.622091548048897E-003
 -2.581367178317449E-002
  2.752651987003867E-002
  7.337509869182264E-003
 -2.382013811064812E-002
 -6.119236677104181E-003
 -4.520700465338501E-002
 -1.519303903829431E-002
 -3.796995751904012E-003
 -3.248976276538734E-003
  3.730247923619732E-003
  2.466384545906338E-002
 -1.414890875395267E-002
 -3.615054379166110E-003
 -2.797717124314127E-003
  3.566597522229093E-003
  2.355290742535753E-002
 -2.373153470426543E-002
 -6.275052555144754E-003
  6.662762794500476E-004
  6.115407483393199E-003
  4.025562802996373E-002
  2.994507121532275E-002
  8.022915230255077E-003
 -4.634523952504393E-003
 -7.791699867695809E-003
 -5.077067401654767E-002
  7.114102177551507E-002
  3.930432283507209E-004
 -1.785326255912277E-003
  1.956241385547037E-004
 -5.867520689902332E-005
  8.389220728419141E-004
  6.217570533778410E-004
 -3.508364630143654E-002
 -2.034328381738802E-004
  1.137702223448622E-003
 -1.187640169429115E-004
  3.533914194229429E-004
 -3.070683576722756E-004
  3.630256325073492E-004
  2.685830320163298E-002
  1.238215564115362E-004
 -1.157983551511906E-003
  9.253581936017196E-005
 -4.758699944965513E-004
  1.396063783592509E-004
 -7.464195348285536E-004
 -7.323208036010852E-004
 -9.500092401678235E-005
 -2.607154130315383E-005
 -6.890615294202543E-005
  2.377759642830468E-003
 -9.406358640347607E-005
 -4.007512708063414E-005
 -6.629522380959799E-005
 -7.309045711127874E-004
  -3.14520831044401     
   2.35348158414574     
 -0.504035976598159     
   2.21584251898311     
   1.98890372219176     
   1.57047402763846     
  0.729107282320586     
   2.38538781906999     
 -3.430522501995208E-003
 -2.710313971437811E-004
 -5.977671590168773E-004
 -9.287800354300312E-003
 -1.375405357182041E-003
  7.206696515932882E-004
  8.096197981919282E-004
  2.739462672474128E-003
 -7.580635911728136E-003
  5.384342429041890E-004
 -1.514013315112504E-003
  4.355273305439074E-003
  2.163454825334466E-003
 -2.566787161005921E-003
  6.872673280417838E-003
 -4.857890201693730E-003
  4.873945387896384E-003
 -1.135654921059899E-002
  8.892622460958797E-003
 -2.480920540467317E-003
 -6.650723476058269E-002
  1.897188956498339E-003
 -2.767194623898130E-002
  2.080848831277728E-002
 -8.464524313493623E-003
 -2.142921349848850E-002
  3.533026047823479E-003
 -3.932701385219221E-002
 -1.205349035405660E-002
  5.430238064284987E-003
 -4.354429343051647E-003
 -1.924594792793780E-003
  1.983795116845289E-002
 -1.145135597178470E-002
  5.180161727979135E-003
 -3.800816566634673E-003
 -1.806898481578174E-003
  1.877218652725085E-002
 -1.964972910041056E-002
  8.849383826095273E-003
 -1.027033454582634E-003
 -2.982338408919598E-003
  3.155649838947586E-002
  2.505174635093496E-002
 -1.127378521327366E-002
 -2.467661781251423E-003
  3.673022947179501E-003
 -3.927174856655142E-002
 -7.029879562041572E-002
  4.919387558380028E-005
  1.916140837355107E-003
  5.539124607333038E-005
 -9.072907200525993E-004
 -1.770320578801584E-003
 -7.511911779349751E-004
  3.437365339789652E-002
  6.188290742578536E-007
 -7.799604389760791E-004
  5.114412281054853E-005
  5.772478175011909E-004
  9.047517127195669E-004
 -3.067099108582586E-004
 -2.607577354046197E-002
 -1.755456809612820E-005
  5.178106691184298E-004
 -1.255310877358730E-004
 -5.975371791891107E-004
 -7.174574102879543E-004
  7.827112810264727E-004
 -4.385555599942522E-004
  8.801230859880963E-005
  9.048888570426781E-005
 -1.510606397365234E-004
  2.352226159268287E-003
  3.881905173837420E-007
 -7.546631498859917E-005
 -9.255280063451798E-005
 -7.210836424233928E-004
  -3.15203738747161     
   2.38966218634411     
 -0.517165714203667     
   2.29946860248538     
   2.12553639264123     
   1.74117809831532     
  0.826925038281498     
   2.71622133513041     
 -3.365367112724516E-003
  1.096127999083600E-003
 -2.518787769854541E-003
 -1.270942606702499E-002
  4.356706537186420E-003
 -5.717282852897174E-003
  1.427856530189096E-002
 -3.834654403391253E-003
 -7.042355524264588E-004
 -6.311850791447833E-003
  1.444883554757045E-003
  9.281450940273826E-004
 -9.075146014772082E-003
  1.803148994572075E-003
  1.922649595197274E-003
  1.515048683667338E-002
 -2.446967349837721E-003
 -3.223651699599113E-003
  5.612636827511168E-003
 -4.257627673922165E-003
 -7.380132381205955E-002
 -3.253197213881121E-003
 -5.618458137629281E-004
  5.521224476128299E-003
 -8.819117452208411E-003
 -2.587981381720384E-002
 -4.662230291177754E-003
 -1.564178933287684E-003
 -2.677874499788164E-003
  5.278199178117084E-003
 -2.074527458635936E-003
  2.333129996919386E-003
  6.749406824032731E-004
 -2.622106260088978E-003
  5.014686558241515E-003
 -1.548383981365804E-003
  2.273322247282742E-003
  7.296783692058029E-004
 -4.528951265816667E-003
  8.602346910482129E-003
  2.902072827773763E-003
  4.197822094650996E-003
  1.187290300928722E-003
  5.620880711624959E-003
 -1.100078896643079E-002
 -7.392934825568158E-003
 -5.556453531571915E-003
 -1.307423995442470E-003
  7.119487253312512E-002
 -1.406841334205047E-003
 -1.092934705883928E-003
  2.921385633434979E-004
 -5.515720707938555E-004
  9.854207302533390E-004
  2.019280298521324E-003
 -3.452144302513783E-002
  6.041096684484931E-004
  3.258003852890409E-004
 -1.952377012767502E-004
  2.086689663295232E-004
 -4.545035138494949E-004
 -3.340064549212714E-004
  2.607297628311040E-002
 -3.954349595164959E-004
 -5.264484911966653E-005
  1.589167844763587E-004
 -1.476961367995751E-004
  3.014581271167871E-004
 -1.780093896999381E-004
 -2.002050260344035E-004
 -1.732699194175470E-004
 -1.003170202213413E-004
 -6.832864118234596E-005
  2.336020771166571E-003
  1.181708703177314E-004
 -2.246957752714949E-004
  1.343509012171092E-005
  1.348508867417667E-004
  -3.15406186822842     
   2.39900565153254     
 -0.520538476345543     
   2.31101400570856     
   2.13632127157087     
   1.76112046670766     
  0.841492587481274     
   2.76691784284998     
  3.571272997822814E-004
  6.642303127855980E-005
 -4.530908584799138E-003
  1.004769398249082E-002
  1.130993055784263E-003
 -9.445075657251951E-003
 -2.632224963701327E-002
 -1.369789398685184E-003
 -5.834000099383991E-003
  1.297500792061569E-002
  3.766809201631637E-004
  3.345700268792292E-003
  2.039123874632659E-002
  6.167620928062827E-004
  6.245570997296825E-003
 -3.462367850410147E-002
 -9.273884841225910E-004
 -1.126825964245196E-002
 -3.652529471535525E-002
 -1.331438872066334E-003
 -8.050975945614991E-002
 -8.053125272560619E-003
 -8.127117174913016E-003
 -4.345894209595285E-002
 -3.375143805529157E-004
 -3.107652093003386E-002
 -1.173087909731627E-002
 -3.763496782279059E-003
  2.089415892732309E-002
 -3.774950873601596E-005
  1.535641537366382E-004
  6.008174976464793E-003
  2.101700022933747E-004
  2.032737394445811E-002
 -1.362096898102881E-004
  9.719090929778405E-004
  5.880603694716239E-003
  4.587601000963914E-004
  3.480360699815584E-002
 -3.998000550302327E-004
  6.665759583623779E-003
  1.070251137360629E-002
  7.296940698680960E-004
 -4.324483091456018E-002
  5.738475971736635E-004
 -1.095948817354107E-002
 -1.398759236411483E-002
 -3.203606063618759E-004
 -7.223432404482039E-002
  2.411254135999501E-003
 -3.721812974210425E-004
  4.780920565802872E-004
  2.643973884595369E-003
  3.023296459912879E-004
  7.721268495713015E-004
  3.223328381790280E-002
 -6.879255185856983E-004
  6.552016811814257E-004
  1.056292617074455E-004
 -1.093760970065202E-003
 -4.700763903163173E-005
 -1.011812616974053E-003
 -2.262398969150371E-002
  1.284796236342582E-004
 -9.413110659500056E-004
 -3.922471938167072E-004
  6.930292021658193E-004
 -4.194808343785088E-005
  1.289653267908707E-003
  1.737212433952310E-003
  4.366175898849649E-004
 -1.640349012791184E-004
  7.730085066553295E-005
  2.179732891684685E-003
  1.863759546053448E-004
  6.444954907860361E-005
  1.541513796513070E-004
 -8.910636234065026E-004
  -3.14955441794698     
   2.37466216759940     
 -0.511692453353699     
   2.25391847039037     
   2.03590809394326     
   1.62451609661886     
  0.760114233787359     
   2.49016332283233     
  9.183639687771794E-004
  1.650799640967210E-004
  1.040060731081507E-003
 -1.090095839900200E-002
  2.231326578808612E-003
 -5.904527099820141E-003
  3.794052790775986E-002
 -3.925710248913562E-003
  2.217582947583121E-002
 -1.865066633641719E-002
  1.556787853240191E-003
 -1.060290731652229E-002
 -2.902682154462203E-002
  2.195227656674340E-003
 -1.657511015036167E-002
  4.862048599244859E-002
 -3.207500147763780E-003
  2.769830731215241E-002
 -3.523186356799914E-002
 -2.372657865638510E-003
 -7.470675426560423E-002
  6.465000578593822E-003
 -3.084891300566669E-002
 -4.940644850625169E-002
 -2.160595474618041E-003
 -2.486043150213449E-002
  1.248183826304360E-002
 -3.889828479929614E-002
  2.484180756534530E-002
  5.910547008296925E-004
 -3.222885480037800E-003
 -6.791336602138191E-003
  1.939926479536436E-002
  2.381763988782258E-002
  6.661071925178282E-004
 -2.407807159484151E-003
 -6.498721611929198E-003
  1.888835660826907E-002
  4.068915541601845E-002
  1.490380807816646E-003
  1.422970048226449E-003
 -1.136095358874612E-002
  3.248589304886950E-002
 -5.095722280565123E-002
 -2.051129052304872E-003
 -5.126116090045107E-003
  1.457778957477064E-002
 -4.053676754135511E-002
  7.399297308001522E-002
  4.900432910258584E-004
 -1.542308022883150E-003
  7.443810984021014E-004
 -1.580917780562398E-003
 -1.620866080184079E-003
 -1.140759667879984E-003
 -3.519384209826892E-002
 -1.150661644888229E-004
  1.184001183582333E-003
 -2.535944908945780E-004
  9.184133607595529E-004
  7.057195604422987E-004
  5.618824381687824E-004
  2.630180101940142E-002
 -3.862256873040141E-005
 -1.251306355280154E-003
  6.000414897737306E-005
 -8.731451359868768E-004
 -4.434926558506295E-004
 -4.545198825446798E-004
  1.757636714300151E-003
 -3.987306421431684E-004
  1.650015586691555E-004
  1.725365048790981E-004
  2.287261834486855E-003
 -1.042229093513334E-004
  1.054485817660071E-004
 -1.143268751585422E-004
 -1.087753941503350E-003
  -3.15007353234048     
   2.37977341008326     
 -0.513619477861885     
   2.28035992040813     
   2.09969759195348     
   1.71073582226364     
  0.809415229014327     
   2.65703215137856     
  2.546023649868410E-003
 -2.315436213625776E-004
  4.153540689794309E-003
  1.062647710620130E-002
  6.132644695844192E-004
  1.151328636406531E-002
 -1.441847119524663E-002
 -2.691777933383456E-003
 -4.543858464516686E-003
  7.169514967085893E-003
  1.237829286309966E-003
  1.857415101960222E-003
  1.104712260037595E-002
  1.880125739710825E-003
  2.210650199734447E-003
 -1.890769841955215E-002
 -2.804549964001036E-003
 -3.489474592673838E-003
  2.522443266517096E-002
  4.153294784289034E-003
 -7.042578918450643E-002
  1.449781359231059E-003
  9.240728553219994E-003
  3.729707002302347E-002
  7.117676130865906E-003
 -2.427791698524275E-002
  3.942406858341457E-003
  1.813439889610250E-002
 -2.010184925167628E-002
 -3.741744606888461E-003
 -2.796491935324516E-003
 -2.677284084385060E-003
 -1.049005900435132E-002
 -1.936885584698884E-002
 -3.579564973927723E-003
 -2.374141038684279E-003
 -2.485894374070773E-003
 -9.951850363515681E-003
 -3.342133051640749E-002
 -6.344561968680148E-003
  1.261712714224491E-003
 -3.891158034461830E-003
 -1.703650428137540E-002
  4.225847636851322E-002
  8.228086007567704E-003
 -5.279677999822289E-003
  4.677240646303292E-003
  2.168910459286139E-002
 -6.987569379021753E-002
  1.635272290784931E-003
 -5.657659743088908E-004
  4.640261193293826E-004
 -1.881955810868087E-003
 -5.954542612901550E-004
  1.781233843567946E-003
  3.420689578049150E-002
 -7.598975344270142E-004
  6.814243047597761E-004
 -2.573140368630913E-004
  1.320135886982187E-003
  2.241624366594534E-004
 -1.409535421908760E-003
 -2.600176657792313E-002
  5.411395787524602E-004
 -8.776100528939666E-004
  2.170088551455224E-004
 -1.375306712615941E-003
 -9.203579131325255E-005
  1.515304886980431E-003
 -6.767557505672104E-004
  1.597712747468980E-004
  4.274073353378390E-005
 -1.141917709857313E-004
  2.350646218721335E-003
  1.830715266583344E-004
 -2.150080712374266E-005
 -5.165714091338035E-005
  2.542577502517910E-004
  -3.15499566524895     
   2.40726651842752     
 -0.523493797629922     
   2.34282430263244     
   2.20290879313625     
   1.84294873769549     
  0.886167163746869     
   2.91707458355387     
 -2.238671559106448E-003
  5.878471068356259E-004
 -3.074002583591572E-003
 -5.803512195624967E-003
  3.666527692144228E-003
 -1.024385228627903E-002
  1.157431310987934E-004
 -5.715381575058280E-003
  3.809722217047087E-003
  3.298714000215195E-004
  2.604341444087618E-003
 -4.998063394443910E-004
  5.893926821708133E-004
  3.831997432102932E-003
 -1.458773707135801E-004
 -6.910625507276794E-004
 -6.034038868286322E-003
  2.154432420218528E-005
 -1.908195168097285E-002
  2.179394921352566E-003
 -7.863179259724665E-002
  4.385787842108518E-003
  5.897882958622569E-003
 -4.452839282671974E-002
  1.033937632053018E-003
 -3.168699443688647E-002
  9.009660054878648E-003
  4.540575857968304E-003
  2.462902659888299E-002
  1.107333767905815E-004
  6.224996117244856E-004
 -5.121842886919692E-003
 -2.690754709200390E-003
  2.318864246981783E-002
  6.495244171243702E-005
  9.595959654134110E-004
 -4.928507748067467E-003
 -2.909470216458426E-003
  3.936349219505675E-002
 -1.167974979433965E-004
  6.694594938107236E-003
 -8.614836650709692E-003
 -5.457596994069783E-003
 -4.980241731270100E-002
  2.458973850063765E-004
 -1.167934562293024E-002
  1.105705489606540E-002
  7.018166939801033E-003
  7.134484837885686E-002
  6.016223586108191E-004
  1.001532553543294E-003
  5.385695767194633E-004
  2.492234279689291E-004
  2.375612873501921E-003
  1.582766172362588E-003
 -3.387536506016388E-002
 -2.470386984865245E-004
 -9.241372406093154E-004
 -4.060508840024248E-004
 -2.564630222405268E-004
 -1.094138680452859E-003
  2.274247760591348E-004
  2.506869290363093E-002
  1.722138347863739E-004
  1.052192380466716E-003
  4.146169266953347E-004
  2.524485231127084E-004
  7.860981598353978E-004
 -8.881461414945838E-004
  1.247957287074182E-003
 -1.080825004177571E-004
  1.819323960308985E-004
 -2.047176643559175E-004
  2.316129836595299E-003
  1.802703552256045E-005
  7.337359414611380E-005
  4.217501890475054E-005
 -2.036829770749343E-004
  -3.15170664236541     
   2.38816081697077     
 -0.516496560892424     
   2.29468471037675     
   2.11619100398136     
   1.72756918615976     
  0.818403623470637     
   2.68708827701694     
  5.332115411822665E-003
 -6.903965265315366E-004
  3.720138886277884E-003
  1.423728799412725E-002
 -1.654047562949510E-003
  1.073153841224153E-002
 -1.468303040002686E-003
  2.125011154987564E-003
 -1.953491447431733E-003
 -4.963281963049149E-004
 -1.655526505410263E-003
  2.086505293992529E-005
 -1.999604303701636E-003
 -2.485045608307395E-003
 -3.786784575241705E-004
  4.003762922767811E-003
  4.181397757277694E-003
  4.045604585855675E-004
  2.467973647097928E-003
  6.501765441994633E-003
 -6.988398914175890E-002
  7.693360255236128E-004
  2.368506718331563E-002
 -7.439774289908795E-003
  9.992775032843447E-003
 -2.230852470707935E-002
  2.843816617903297E-003
  2.632987063618812E-002
  4.181283261645183E-003
 -5.687074685113283E-003
 -3.950561199367297E-003
 -1.926126579624531E-003
 -1.334340284235371E-002
  3.747761549135202E-003
 -5.396843476431159E-003
 -3.265812690013961E-003
 -1.805815230350135E-003
 -1.310348121701542E-002
  6.260068695890247E-003
 -9.195751372684345E-003
  4.622397880879919E-005
 -2.868816327931582E-003
 -2.296803937669531E-002
 -8.032672441035688E-003
  1.168328876736759E-002
 -3.822209512688962E-003
  3.469018569734886E-003
  2.903449759668972E-002
 -7.059107610485355E-002
  1.561905232716861E-003
 -1.265619455959482E-003
  1.605095756452275E-003
 -7.650103016014982E-004
  3.918693628865839E-004
  4.277584571330358E-003
  3.369653008404341E-002
 -8.505030844103589E-004
  8.037899137253345E-004
 -3.629602706489949E-004
  7.307409997775274E-004
 -2.549113023061885E-004
 -2.307840522950839E-003
 -2.507370559643045E-002
  7.183228528567370E-004
 -7.552685719943532E-004
 -1.304083333475746E-004
 -8.129829244473311E-004
  2.117101234076189E-004
  1.907862681146372E-003
  8.551560340000158E-004
  9.291366527230649E-004
  1.289422024233917E-004
  1.053665086020938E-004
  2.281749123308008E-003
  1.155636575677126E-004
  4.744009207037110E-005
 -1.060626931572186E-004
  4.054165753292554E-004
  -3.14884311808514     
   2.37158415027468     
 -0.510640886576608     
   2.25383242931356     
   2.04434768750457     
   1.63618199079817     
  0.766221537531896     
   2.51064357614663     
 -1.139285005499511E-003
  6.584501076224986E-004
  5.365713005736168E-003
  8.606619432835001E-004
  2.253337616340816E-003
  6.211213842243631E-003
 -1.366822862272721E-002
 -3.230871312232102E-003
  2.247652690934848E-002
  7.250864180921994E-003
  2.039445502831572E-003
 -1.242066778820155E-002
  1.078413513639349E-002
  2.574548410334311E-003
 -2.029134543732654E-002
 -1.715205020007254E-002
 -3.098461961399436E-003
  3.431030045651061E-002
 -1.764743733548188E-002
  4.496879498232886E-003
 -6.973690636203091E-002
 -4.194494292240018E-003
 -1.053667148786942E-002
 -2.778389150358046E-003
  8.765475142597156E-003
 -2.257505578363245E-002
 -3.093312273767286E-003
 -2.418634458662668E-002
 -1.929041432861215E-003
 -5.283842054145222E-003
 -3.734607123710095E-003
  1.250864811900088E-003
  1.257232853722670E-002
 -1.227446932327054E-003
 -5.110680034645678E-003
 -3.058273989546974E-003
  1.263314660415477E-003
  1.156125781367801E-002
 -1.206220244961937E-003
 -8.856814770577299E-003
  5.507325406300774E-004
  2.386106536437885E-003
  1.883018370489708E-002
  1.681552607261789E-003
  1.128640285664798E-002
 -4.651149086815046E-003
 -3.138574257006462E-003
 -2.319594209261687E-002
  7.081974335298728E-002
 -1.411048664315781E-003
  1.450742727350283E-004
 -1.728299531788572E-003
 -1.131783778601174E-003
 -1.763120415843689E-003
  3.910220295718038E-003
 -3.438255068076394E-002
  4.188467739998487E-004
 -4.171381559149188E-004
  1.610846892025546E-004
  3.066612010867860E-004
  1.083440122671552E-003
 -5.056355611700827E-004
  2.604029207396074E-002
 -1.472142386371219E-004
  4.972447963871415E-004
  4.880877926235295E-004
  4.828879733852339E-005
 -1.029317521900734E-003
 -6.065006067567212E-004
  9.151969412590226E-004
  1.028125227324288E-003
 -1.474888277454133E-005
  9.445340564856010E-005
  2.254606588657152E-003
  5.533203402827729E-005
  1.233118754408737E-004
  5.709826141598139E-005
 -1.153557358893715E-003
  -3.15166285370502     
   2.38863100277664     
 -0.516912835016012     
   2.30473161875380     
   2.14245397477744     
   1.76120105080647     
  0.836716356870565     
   2.74868670600510     
 -1.004195714020264E-003
 -8.160500583671749E-004
  2.240825497380093E-003
  3.646666466946472E-003
 -3.301858196174883E-004
  7.434343743454260E-003
 -1.956174194456641E-002
 -3.325383933958886E-003
 -4.939237749998635E-003
  9.927559687409833E-003
  1.469182158126374E-003
  1.700429888179456E-003
  1.523525669398593E-002
  2.600604744376944E-003
  1.959924015442917E-003
 -2.514986405008961E-002
 -4.489792516196208E-003
 -2.877041418555627E-003
  6.644634064374030E-003
 -5.190732771924272E-003
 -7.113291011566433E-002
  2.101205186496085E-003
 -2.140521264808239E-002
  7.315196950975262E-003
 -6.626966801109433E-003
 -2.420252565382460E-002
  2.907430357619050E-003
 -2.587397464775403E-002
 -3.564383867190787E-003
  3.229676211509179E-003
 -3.053347485336945E-003
 -1.285186533521305E-003
  1.301792202773746E-002
 -3.357924820174536E-003
  3.095243655042402E-003
 -2.816747734275509E-003
 -1.202606480211548E-003
  1.247300161438682E-002
 -5.590774419570231E-003
  5.384586892550519E-003
  4.263631475535296E-004
 -2.037434786060183E-003
  2.094788288729501E-002
  6.902155490034130E-003
 -6.827017464715333E-003
 -4.426423148499265E-003
  2.528388921681276E-003
 -2.584856938889466E-002
 -6.948190812406797E-002
 -1.116217268232960E-003
  2.129518586459500E-003
  1.018702935340287E-003
 -1.873826705128612E-004
  8.567801448626936E-004
 -1.989928056004419E-003
  3.474523595418810E-002
  5.356419376268755E-004
 -1.454909033013130E-003
 -1.963746464644897E-004
  8.712595903070189E-005
 -2.899509085549277E-004
  7.680648604824481E-005
 -2.686205300022636E-002
 -3.998466462775015E-004
  1.431168740710838E-003
 -1.228692839363867E-004
 -6.448479255323478E-005
  1.014056671253438E-004
  6.053090819371413E-004
 -3.944581165443127E-005
  6.201044890898888E-004
  6.558383186507808E-006
  9.908057241594093E-005
  2.385940120419732E-003
 -9.683111331280889E-005
 -1.618207008970860E-004
 -4.893751991189966E-005
  2.676506669555136E-004
  -3.15306626554131     
   2.39814297638637     
 -0.520256271278704     
   2.32804506612681     
   2.18747694855180     
   1.82702454282694     
  0.877315964474299     
   2.88731629556718     
  1.016017523214107E-003
 -1.825550383916778E-004
 -1.221431770416007E-003
  1.584135854036806E-003
 -8.085315015799171E-004
 -4.783936548064378E-003
  5.713221816879468E-003
  4.391190620354054E-005
  4.815808549158101E-003
 -3.469215342509646E-003
  4.335585922718772E-004
 -2.021578369346233E-003
 -5.640328244012049E-003
  3.722313406568952E-004
 -2.695786236520407E-003
  9.648962413451485E-003
  3.079444688859277E-004
  4.131374418885996E-003
  1.135959495706767E-002
 -3.661458879474124E-003
 -7.307688911396361E-002
 -2.494445634227235E-003
  1.178380904482909E-002
  1.847297891516018E-002
 -7.339419321362282E-003
 -2.997947974755223E-002
 -4.575738887697259E-003
  2.990618193121157E-002
 -1.011891385463737E-002
  4.139032347654201E-003
  4.813718948908356E-004
  2.478361195457367E-003
 -1.702259424006344E-002
 -9.729372227586358E-003
  4.005878680196303E-003
  7.620318073256467E-004
  2.393352907296525E-003
 -1.604185105527357E-002
 -1.690585041631525E-002
  7.087371513580381E-003
  6.691928546810323E-003
  4.311042885710374E-003
 -2.744536868171471E-002
  2.156240254825553E-002
 -9.147426650305199E-003
 -1.223967074436010E-002
 -5.646431489399825E-003
  3.501076483204421E-002
  6.948911515538821E-002
 -5.149577841327058E-004
 -4.669362917379791E-004
 -1.438508480572305E-003
  1.320062767755374E-004
 -9.393125801262131E-005
 -1.505144901992662E-004
 -3.381506582690647E-002
  2.310907816728485E-004
  6.388616007710297E-005
  2.303943574105667E-004
 -1.580412372902065E-004
 -1.761177459032388E-004
  8.131430857162002E-004
  2.552206595520936E-002
 -1.434089151982671E-004
  1.152893879122744E-004
  2.540279176460775E-004
  1.950436128229039E-004
  3.289098998582396E-004
 -1.192782519340410E-003
 -2.236640227798683E-004
  8.100972459837652E-004
  1.544360201768494E-005
  1.687074430573978E-005
  2.319798322570581E-003
  6.639579285625293E-005
 -1.793447690112938E-004
  3.258031960252469E-005
  7.120515941719857E-004
  -3.14648406341061     
   2.35915130902216     
 -0.506065926917877     
   2.22591588353977     
   2.00043474761241     
   1.58246604453121     
  0.735776034386436     
   2.40780764477140     
  2.728530223429504E-003
 -7.583589088208850E-004
 -3.471104781929450E-003
  1.189870109204741E-002
 -2.015170273664388E-003
 -6.714619455352349E-003
 -1.354792342626060E-002
  3.844803155393426E-004
 -6.003721199483725E-003
  5.767553612984831E-003
  5.836359010142719E-005
  3.706462273113457E-003
  7.957966189971258E-003
  2.906777193012027E-005
  6.585359641186630E-003
 -1.250374706550873E-002
  5.436900050662321E-004
 -1.150573191800475E-002
 -3.030737894464841E-002
  1.759581868335509E-003
 -6.859041944977043E-002
 -4.295292766994605E-003
 -2.389227734928646E-003
 -4.145399647770275E-002
  2.892114969829294E-003
 -2.134897114645688E-002
 -9.869828528721234E-003
 -8.818051393848055E-003
  2.087487044788161E-002
 -1.341647440489129E-003
 -4.411488262128707E-003
  6.029193990486638E-003
  5.675560577606447E-003
  1.974298292015156E-002
 -1.325135920389565E-003
 -3.765770848505473E-003
  5.706959248495265E-003
  5.403844169228184E-003
  3.303058293043100E-002
 -2.623697269330000E-003
 -7.573831436227797E-004
  9.663135799948508E-003
  8.937824972907805E-003
 -4.094097644821920E-002
  3.619676623138062E-003
 -2.907553792613882E-003
 -1.226424015059684E-002
 -1.103188956554750E-002
 -7.098743001959915E-002
 -1.452973780151858E-003
  4.759554027095387E-004
 -4.972783765015826E-004
  1.387527610465990E-003
 -7.645895797529734E-004
  2.302089668964721E-003
  3.449124970362088E-002
  7.156578709456779E-004
 -6.311599858435145E-004
  1.091674447049754E-004
 -6.663033639886621E-004
  2.835194497267217E-004
 -1.361036424629857E-003
 -2.606713165566319E-002
 -5.325823108624285E-004
  8.387548094124704E-004
  2.953203531532316E-005
  5.048760698047180E-004
 -9.757201484913468E-005
  1.205084711637756E-003
  5.456521494129617E-004
 -2.524508817303631E-004
  1.076131317064488E-005
 -1.547503747575455E-004
  2.381920464749919E-003
 -1.478487285058700E-004
 -9.763069646051531E-006
  1.399178500414969E-004
  9.575431291289097E-005
  -3.14569148818518     
   2.35480897753732     
 -0.504457711756297     
   2.21108967682145     
   1.96826517977717     
   1.53723665294465     
  0.708816006592957     
   2.31610086281372     
  2.439089890411694E-003
 -7.533794271788388E-004
 -4.427573248474363E-004
  2.626827663910356E-003
 -3.625696911574926E-003
 -2.271671073891936E-003
  1.369241712922121E-002
  5.415386563253177E-003
  4.302921492056919E-003
 -7.484261569290218E-003
 -2.563623070362950E-003
 -2.160489148004148E-003
 -1.193150461553396E-002
 -4.188792170006395E-003
 -3.437306143249001E-003
  2.011393351287231E-002
  7.767623058963071E-003
  6.093661838926770E-003
  2.338233371203397E-003
 -5.892562263439085E-003
 -6.758689712616675E-002
 -2.696712315474927E-003
 -5.290531670138032E-003
  6.940565806894586E-003
 -1.201974729924620E-002
 -1.924579941785443E-002
 -5.050139490441944E-003
  7.716984228532945E-003
 -3.893258214055425E-003
  7.414389672652303E-003
 -6.011583011176495E-003
  2.687633899436181E-003
 -5.799978164733987E-003
 -3.421433286439978E-003
  6.991246980254895E-003
 -5.257423683482187E-003
  2.629378273259550E-003
 -5.193528274864271E-003
 -5.492589404285144E-003
  1.172426558980427E-002
 -3.357623091443458E-003
  4.825826824517078E-003
 -8.731489464835226E-003
  6.933175446766000E-003
 -1.480204291270661E-002
  5.056717439959960E-004
 -6.360758046429895E-003
  1.142948291034671E-002
  7.220378276177151E-002
 -8.418804952106318E-004
 -1.556223331057671E-003
 -3.356926472545792E-004
 -5.910006327101903E-004
  2.216849067930052E-003
 -6.034994337749714E-003
 -3.475075841834251E-002
  3.415962704522209E-004
  5.185265930558700E-004
 -1.065784137371266E-004
  1.418273675216284E-004
 -1.101294495567201E-003
  1.911860348768070E-003
  2.608106335157999E-002
 -1.981247244154216E-004
 -1.498672987330999E-004
  3.198230507654653E-004
  6.769161141912600E-006
  8.278223080282680E-004
 -7.437164702990516E-004
  3.871298149589017E-005
  2.293945662516994E-004
 -1.173896147377131E-004
 -2.075211738717692E-004
  2.323516975857466E-003
  8.027140312390037E-005
 -2.237127388881494E-004
  2.573979343439715E-006
  4.238364465522238E-004
  -3.15558202284762     
   2.40968346556589     
 -0.524397041699189     
   2.34675067242040     
   2.21152590794175     
   1.86181526831697     
  0.899714192389298     
   2.96419792788471     
 -1.785016926247567E-003
 -1.007044715282697E-003
 -1.944737989683318E-003
  3.451453599111297E-003
 -4.252966409954457E-003
 -5.330366775210927E-003
 -2.659642107677839E-002
  5.837951062440143E-003
  2.543217966080137E-004
  1.351290169713418E-002
 -2.924721190488985E-003
  1.341518432401355E-004
  2.130859405632064E-002
 -4.580649802136749E-003
  3.608326227749798E-004
 -3.608037567688610E-002
  8.143466739788708E-003
 -5.117085188112553E-004
 -1.929881396826269E-002
  3.338487359498408E-003
 -7.898288849933902E-002
 -4.635033180361279E-003
 -2.171417944493539E-002
 -2.612675972655909E-002
  3.824873735410052E-003
 -3.365745737116142E-002
 -1.029588342578863E-002
 -1.936404509978868E-002
  1.364139236514036E-002
 -1.871002059413417E-003
  2.226909372150831E-003
  6.167246221328676E-003
  9.518047550081387E-003
  1.280101495579401E-002
 -1.745204315301539E-003
  2.769629759191056E-003
  5.879265818195103E-003
  9.843647136524258E-003
  2.107612220925439E-002
 -2.954395370944353E-003
  9.949745783480159E-003
  1.009604299921159E-002
  1.792870646185223E-002
 -2.594176066956428E-002
  3.736156419223356E-003
 -1.566720989713056E-002
 -1.288963107144477E-002
 -2.282217382532461E-002
 -7.020858559951099E-002
 -1.525683743693988E-003
  1.945142833653440E-003
  3.237286511831228E-005
  1.145320127912532E-003
 -8.514372551414919E-004
 -1.868024679090828E-003
  3.198032561403517E-002
  7.152638688559726E-004
 -9.885343400330086E-004
  4.468744725021158E-005
 -7.624159451176270E-004
  4.576198888430714E-004
  4.172447321400123E-004
 -2.275726934329312E-002
 -5.143471977511891E-004
  7.562330060683574E-004
 -1.072345245140256E-004
  7.378925203894556E-004
 -3.918909627303115E-004
 -6.837240622875479E-006
 -2.374447290510983E-004
  1.368216419321289E-004
 -1.374474166053732E-004
 -5.245127792861457E-005
  2.228453519907760E-003
 -1.089069508700291E-004
 -2.141404076436986E-004
  9.955091675235524E-005
 -1.570151466596039E-004
  -3.14893704222121     
   2.37272407034723     
 -0.511122768162129     
   2.26004780557638     
   2.05822259490186     
   1.65249031399120     
  0.774531431111873     
   2.53834492112453     
  6.162052286297828E-003
  1.079115526690505E-003
 -1.841341490718272E-003
  6.518317778562151E-003
  4.265682975599718E-003
 -7.523601020192500E-003
  3.034421095986953E-002
 -4.734255377508012E-003
  8.756677793144986E-003
 -1.696321748232620E-002
  2.297956563433452E-003
 -3.839526367483808E-003
 -2.780245604292622E-002
  3.047440093840880E-003
 -5.244731607503924E-003
  4.736663432981100E-002
 -4.236497870922991E-003
  8.117677949589615E-003
 -7.040989529199617E-003
  2.072802242654958E-003
 -6.926189343555088E-002
  6.313358384637749E-003
 -3.594883670482849E-002
 -1.370130491788185E-002
  4.239724756614079E-003
 -2.341957068904340E-002
  8.547586715405014E-003
 -3.010077194346933E-002
  8.041538045255080E-003
 -2.101510137486850E-003
 -3.613871897172347E-003
 -4.067516695997310E-003
  1.309513468421602E-002
  7.502328278926914E-003
 -2.008967707050424E-003
 -3.185640794604345E-003
 -3.864180382937512E-003
  1.311067628622227E-002
  1.227218345230541E-002
 -3.599323294998487E-003
 -6.323268363454972E-005
 -6.869769170890752E-003
  2.333600481220238E-002
 -1.518496481983732E-002
  4.679283793557285E-003
 -3.740788898309312E-003
  8.923990423824748E-003
 -2.936122063710840E-002
  7.094534670612207E-002
  2.667131826340663E-003
 -1.966075943666839E-003
 -6.754852997809101E-004
 -3.144611802427312E-005
  5.148975287286040E-004
 -4.352751509395339E-003
 -3.501043181323929E-002
 -1.226954842184987E-003
  1.127180197016365E-003
 -1.196477471453887E-004
  2.564261089360047E-004
 -3.005138325321227E-004
  2.347052306676706E-003
  2.689158563003882E-002
  8.577066218690077E-004
 -9.620255082654223E-004
  4.850514460275236E-004
 -4.092636417205467E-004
  2.200047712943750E-004
 -1.975222884146616E-003
 -6.019907752179415E-004
  4.014144562485101E-004
  1.826349471757336E-005
 -1.207208912326634E-004
  2.293801613167844E-003
 -2.131633566211815E-004
 -2.093153940837928E-005
 -5.085107084567785E-005
 -2.507751637415471E-004
  -3.14983991349897     
   2.37743668536832     
 -0.512717153255659     
   2.26885850355288     
   2.07189735491822     
   1.67163454759588     
  0.786346765141694     
   2.57867036031204     
 -3.213099040189589E-003
  2.667837325002160E-004
 -1.339501435829541E-003
  2.725291005197451E-003
  1.794451289836410E-003
 -2.273268147674765E-003
 -3.433161711406485E-002
 -5.934580383389160E-004
 -5.069550135703677E-003
  1.795189669136949E-002
 -5.744204939349093E-004
  3.344952829503129E-003
  2.868004250149110E-002
 -8.991562743131007E-004
  5.499120213348222E-003
 -4.863262631821101E-002
  1.400718318932310E-003
 -9.214272336499615E-003
 -1.091106278495402E-003
  5.757987382285626E-004
 -6.894137981980762E-002
  4.135376475203640E-003
 -2.201589165470440E-002
  6.000596986012229E-003
  6.576145799824505E-003
 -2.092238377386571E-002
  6.830663569383361E-003
 -1.540279953791436E-002
 -3.539876397112023E-003
 -4.333987431472426E-003
 -4.776830111486807E-003
 -3.478133704339057E-003
  6.293503813982269E-003
 -3.275731236246704E-003
 -4.080136743857685E-003
 -4.072469276281508E-003
 -3.327564223448010E-003
  6.685105853028015E-003
 -5.902563673288980E-003
 -6.882886463098334E-003
 -1.408397064324731E-003
 -5.926005190976033E-003
  1.240001610502585E-002
  7.978480598404137E-003
  8.744684283233028E-003
 -1.938729870097484E-003
  7.700073728517075E-003
 -1.563196830419399E-002
 -7.022821471266497E-002
 -1.173520861390778E-003
  1.587959199868962E-003
  1.844245011770119E-003
 -1.679746214012229E-004
  1.685923856552291E-003
  5.307996167219416E-003
  3.363224440807663E-002
  4.220105993671966E-004
 -8.932441952796803E-004
 -3.793878141847664E-004
 -9.468688405669431E-005
 -7.614909004277146E-004
 -2.570897564166019E-003
 -2.512528204632215E-002
 -1.433225364317741E-004
  7.446073332166692E-004
 -2.176107596222408E-004
  2.132592375621199E-004
  5.593817417596273E-004
  1.965796393611110E-003
 -7.720429164303005E-004
  1.103793624802699E-003
  6.372999352840399E-006
  1.071504389554690E-004
  2.237302286368168E-003
 -1.349384482203897E-004
 -4.904797940907780E-005
 -9.642761754545904E-005
 -3.259581318559920E-004
  -3.15297268901263     
   2.39482654307763     
 -0.519023179775109     
   2.30876494201347     
   2.13997653621485     
   1.76295728060575     
  0.840700595402531     
   2.76343961506244     
  2.146460251943884E-003
  5.161587443893401E-005
 -8.193026895035317E-004
 -1.805106691656053E-003
  1.248585152725945E-003
 -5.793181796591432E-003
  2.395334230481502E-002
 -2.889164461693293E-003
  1.373772003763526E-002
 -1.280752914067164E-002
  1.348157583713241E-003
 -6.782958216046486E-003
 -2.072210694823332E-002
  1.891290811858969E-003
 -1.023086365669216E-002
  3.556976633004718E-002
 -2.663026604534704E-003
  1.711689300685804E-002
 -5.971658668708498E-003
 -1.861257226338627E-003
 -7.621899058066745E-002
 -4.017458592253999E-003
 -2.631225783988359E-002
 -2.634989905253614E-003
  1.809201261982439E-003
 -2.879937131571377E-002
 -9.141947448337621E-003
 -2.855497568078078E-002
  1.224257162501673E-003
 -2.193973913547130E-003
 -6.501728043047305E-004
  5.228782371739208E-003
  1.341888955424606E-002
  1.516204823863617E-003
 -1.917029203206935E-003
 -5.397526995791786E-005
  4.989121227152155E-003
  1.287925465574077E-002
  2.967568427082745E-003
 -2.564265167626949E-003
  5.230262233862779E-003
  8.709062657262038E-003
  2.151994351357157E-002
 -3.703414208141281E-003
  2.846914655090306E-003
 -9.910772177479635E-003
 -1.121876216482494E-002
 -2.633061965050138E-002
  7.128370064145416E-002
 -4.176752072808210E-005
 -1.475400757753538E-003
  1.422772299268351E-004
 -9.180380544362759E-004
 -3.723463232278217E-003
 -2.151128900641122E-003
 -3.328789645151449E-002
  2.809646563140622E-005
  7.308411727400060E-004
 -9.750727285316217E-005
  6.635070986663566E-004
  1.657412363888943E-003
  1.175945514038229E-003
  2.431099922981968E-002
 -3.492692762462572E-005
 -5.479053065449760E-004
  6.342582842421510E-005
 -6.207860861461591E-004
 -1.108495220296582E-003
 -1.004444440170669E-003
 -5.206708172374532E-004
 -1.708045086357875E-005
 -2.379897524912650E-004
  3.376957742093873E-004
  2.242401555432815E-003
  5.902322291730371E-005
 -5.499786144839033E-005
  1.746955278923433E-005
 -7.869962101134208E-005
  -3.15248271968177     
   2.39224807081201     
 -0.518109167641244     
   2.30304004207729     
   2.13105234843670     
   1.75249452791020     
  0.834976066552587     
   2.74419799765294     
 -4.568717919761803E-003
 -6.353721089334783E-004
 -1.080713350378153E-003
 -1.185766156365188E-002
 -3.074426076898102E-003
  3.678939642740011E-003
 -6.846726903676166E-004
  3.301017134679025E-003
 -1.902491736258101E-002
  1.044125594999695E-003
 -1.115706840935072E-003
  9.456235477241210E-003
  3.055905675565893E-003
 -2.060386540738746E-003
  1.480258859431755E-002
 -6.563547240745066E-003
  4.524686639208817E-003
 -2.489809152368113E-002
 -1.260097846364342E-002
 -7.983810748128638E-003
 -7.402421259277145E-002
  1.521012626891959E-003
 -4.166724319482791E-002
 -9.822377415871445E-003
 -1.458591643957807E-002
 -2.802554165781127E-002
  1.904891454664503E-003
 -5.444052961531691E-002
  4.454619769402373E-003
  8.005066483583241E-003
 -8.678149303990014E-004
 -9.211757970347027E-004
  2.702689947202659E-002
  4.868085331741221E-003
  7.676570665470253E-003
 -2.218337091231712E-004
 -8.947782074884226E-004
  2.588390964243155E-002
  9.214647142501722E-003
  1.339733813227098E-002
  5.021661452700051E-003
 -1.522455189792188E-003
  4.389066105296447E-002
 -1.170478989313634E-002
 -1.717284773446718E-002
 -9.686076274853446E-003
  1.871104709043900E-003
 -5.462678845165093E-002
 -7.143624477456247E-002
 -4.096654333831653E-004
  3.277038108378531E-003
 -1.965683108055435E-003
  9.394489134287295E-004
  9.502171187758862E-004
 -4.116935760082809E-003
  3.389974867690425E-002
  1.207397469304421E-004
 -1.484786910226159E-003
  6.219512814115772E-004
 -3.600825570003102E-004
 -3.653620128253046E-004
  1.837863557783283E-003
 -2.521772947085499E-002
 -5.849966363398301E-005
  1.122582998715259E-003
 -2.062801059368156E-004
  1.488862646714967E-004
  1.688760041438541E-004
 -1.362492984648190E-003
  7.400439283141690E-004
 -8.683902388662448E-004
 -1.062457416771962E-004
  9.939740203913345E-005
  2.223911676098433E-003
  1.176794356239646E-006
 -1.148268394052306E-004
 -1.540067371925062E-004
 -1.196857986822083E-003
